#
# A fatal error has been detected by the Java Runtime Environment:
#
#  SIGFPE (0x8) at pc=0x00007f3fd1a8b774 (sent by kill), pid=228354, tid=228354
#
# JRE version: OpenJDK Runtime Environment (21.0+14) (build 21-ea+14-Ubuntu-0ubuntu1)
# Java VM: OpenJDK 64-Bit Server VM (21-ea+14-Ubuntu-0ubuntu1, mixed mode, sharing, tiered, compressed oops, compressed class ptrs, g1 gc, linux-amd64)
# Problematic frame:
# C  [libc.so.6+0x8b774]
#
# Core dump will be written. Default location: Core dumps may be processed with "/usr/share/apport/apport -p%p -s%s -c%c -d%d -P%P -u%u -g%g -- %E" (or dumping to /home/agustin/eclipse-workspace /SO2023/src/tp1/core.228354)
#
# If you would like to submit a bug report, please visit:
#   Unknown
#

---------------  S U M M A R Y ------------

Command Line: --add-modules=ALL-DEFAULT jdk.compiler/com.sun.tools.javac.launcher.Main Eje8.java

Host: AMD Ryzen 3 3200U with Radeon Vega Mobile Gfx, 16 cores, 9G, Ubuntu 23.04
Time: Mon Sep 18 23:37:14 2023 -03 elapsed time: 76.957656 seconds (0d 0h 1m 16s)

---------------  T H R E A D  ---------------

Current thread is native thread

Stack: [0x00007ffeee8b7000,0x00007ffeef0b5000],  sp=0x00007ffeef0b02e0,  free space=8164k
Native frames: (J=compiled Java code, j=interpreted, Vv=VM code, C=native code)
C  [libc.so.6+0x8b774]

siginfo: si_signo: 8 (SIGFPE), si_code: 0 (SI_USER), si_pid: 156516, si_uid: 1000

Registers:
RAX=0x00000000000000ca, RBX=0x00007f3fd19ff6c0, RCX=0x00007f3fd1a8b776, RDX=0x0000000000037c03
RSP=0x00007ffeef0b02e0, RBP=0x0000000000000000, RSI=0x0000000000000109, RDI=0x00007f3fd19ff990
R8 =0x0000000000000000, R9 =0x00000000ffffffff, R10=0x0000000000000000, R11=0x0000000000000246
R12=0x0000000000037c03, R13=0x00007ffeef0b03a8, R14=0x00007f3fd19ff990, R15=0x00007ffeef0b0330
RIP=0x00007f3fd1a8b774, EFLAGS=0x0000000000000246, CSGSFS=0x002b000000000033, ERR=0x0000000000000000
  TRAPNO=0x0000000000000000


Top of Stack: (sp=0x00007ffeef0b02e0)
0x00007ffeef0b02e0:   00007ffeef0b0417 000001095034f749
0x00007ffeef0b02f0:   00007f3fd19ff990 0000000000000000
0x00007ffeef0b0300:   00007f3fd19ff6c0 0000000000000000
0x00007ffeef0b0310:   0000000000000000 00007f3fd1a90c73
0x00007ffeef0b0320:   be81d5a25d14f749 bf03a80c31fef749
0x00007ffeef0b0330:   00007f3fd1a90b20 00007f3fd19ffce0
0x00007ffeef0b0340:   0000000000000000 0000000000000000
0x00007ffeef0b0350:   ffffffff00000000 1546475b98663800
0x00007ffeef0b0360:   000055dd0197b6a1 00007ffeef0b03b0
0x00007ffeef0b0370:   00007ffeef0b0410 0000000000100000
0x00007ffeef0b0380:   00007ffeef0b0430 0000000000000004
0x00007ffeef0b0390:   000055dd0197a548 00007f3fd1db7c23
0x00007ffeef0b03a0:   00007f3fd19ff6c0 0000000000000001
0x00007ffeef0b03b0:   0000000000000000 0000000000000000
0x00007ffeef0b03c0:   0000000000000000 0000000000000000
0x00007ffeef0b03d0:   0000000000100000 0000000000000000
0x00007ffeef0b03e0:   0000000000000000 0000000000000000
0x00007ffeef0b03f0:   00007ffeef0b0470 00007ffeef0b0550
0x00007ffeef0b0400:   00007f3fd1dbbf38 0000000000000000
0x00007ffeef0b0410:   00007ffeef0b04c0 00007f3fd1db4da1
0x00007ffeef0b0420:   0000000100000001 00007ffeef0b0430
0x00007ffeef0b0430:   0000000000000001 000055dd0197a548
0x00007ffeef0b0440:   0000000000000004 00007f3fd1dbbf38
0x00007ffeef0b0450:   00007f3fd0d8ee50 00007f3fd0d7aa10
0x00007ffeef0b0460:   00007f3fd0d7aa50 0000000000000000
0x00007ffeef0b0470:   0000000000000000 0000000000000000
0x00007ffeef0b0480:   0000000000000000 0000000000000000
0x00007ffeef0b0490:   00007ffeef0b04d0 000055dd0197a300
0x00007ffeef0b04a0:   00007f3fd1dbbf38 0000000000000000
0x00007ffeef0b04b0:   0000000000000001 000055dd0197a548
0x00007ffeef0b04c0:   00007ffeef0b45a0 00007f3fd1db598f
0x00007ffeef0b04d0:   0000000000000000 00007f3fd1db595a 

Instructions: (pc=0x00007f3fd1a8b774)
0x00007f3fd1a8b674:   00 c3 66 2e 0f 1f 84 00 00 00 00 00 48 83 39 00
0x00007f3fd1a8b684:   79 88 b8 6e 00 00 00 c3 0f 1f 40 00 f3 0f 1e fa
0x00007f3fd1a8b694:   41 54 41 89 f4 55 53 48 83 ec 20 48 85 c9 0f 85
0x00007f3fd1a8b6a4:   e0 00 00 00 83 fa 01 77 7b c1 e2 08 89 d6 81 f6
0x00007f3fd1a8b6b4:   00 01 00 00 40 80 ce 89 44 31 c6 80 3d 12 2f 17
0x00007f3fd1a8b6c4:   00 00 74 78 41 b9 ff ff ff ff 45 31 c0 49 89 ca
0x00007f3fd1a8b6d4:   44 89 e2 b8 ca 00 00 00 0f 05 48 89 c3 89 d8 85
0x00007f3fd1a8b6e4:   db 7f 13 83 fb ea 7c 24 83 c3 16 ba 01 08 44 00
0x00007f3fd1a8b6f4:   48 0f a3 da 72 20 48 8d 3d 77 f6 12 00 e8 7a 80
0x00007f3fd1a8b704:   ff ff 66 2e 0f 1f 84 00 00 00 00 00 83 fb 92 74
0x00007f3fd1a8b714:   05 83 fb b5 75 e0 f7 d8 48 83 c4 20 5b 5d 41 5c
0x00007f3fd1a8b724:   c3 0f 1f 00 48 83 c4 20 b8 16 00 00 00 5b 5d 41
0x00007f3fd1a8b734:   5c c3 66 2e 0f 1f 84 00 00 00 00 00 48 89 7c 24
0x00007f3fd1a8b744:   10 89 74 24 0c 48 89 4c 24 18 e8 1d f8 ff ff 4c
0x00007f3fd1a8b754:   8b 54 24 18 45 31 c0 44 89 e2 89 c5 8b 74 24 0c
0x00007f3fd1a8b764:   48 8b 7c 24 10 41 b9 ff ff ff ff b8 ca 00 00 00
0x00007f3fd1a8b774:   0f 05 89 ef 48 89 c3 e8 70 f8 ff ff e9 5c ff ff
0x00007f3fd1a8b784:   ff 0f 1f 00 48 83 39 00 0f 89 16 ff ff ff b8 6e
0x00007f3fd1a8b794:   00 00 00 eb 83 0f 1f 80 00 00 00 00 f3 0f 1e fa
0x00007f3fd1a8b7a4:   49 89 d2 85 f6 75 4d 80 f1 86 89 ce 31 d2 b8 ca
0x00007f3fd1a8b7b4:   00 00 00 0f 05 83 f8 da 74 4a 83 f8 92 74 2d 8d
0x00007f3fd1a8b7c4:   50 23 83 fa 23 77 10 48 b9 01 20 00 81 09 00 00
0x00007f3fd1a8b7d4:   00 48 0f a3 d1 72 15 50 48 8d 3d 95 f5 12 00 e8
0x00007f3fd1a8b7e4:   98 7f ff ff 0f 1f 84 00 00 00 00 00 f7 d8 c3 0f
0x00007f3fd1a8b7f4:   1f 44 00 00 89 ce 40 80 f6 8d 48 85 d2 75 ad eb
0x00007f3fd1a8b804:   a6 0f 1f 00 b8 16 00 00 00 c3 66 90 f3 0f 1e fa
0x00007f3fd1a8b814:   64 48 8b 04 25 10 00 00 00 64 48 8b 14 25 f8 02
0x00007f3fd1a8b824:   00 00 48 89 57 18 48 8d 90 08 03 00 00 8b 80 08
0x00007f3fd1a8b834:   03 00 00 a8 02 75 15 d1 f8 83 e0 01 89 47 10 64
0x00007f3fd1a8b844:   48 89 3c 25 f8 02 00 00 c3 0f 1f 00 89 c1 83 e1
0x00007f3fd1a8b854:   fd f0 0f b1 0a 74 e0 eb f3 0f 1f 00 f3 0f 1e fa
0x00007f3fd1a8b864:   64 48 8b 14 25 10 00 00 00 48 8b 47 18 64 48 89 



---------------  P R O C E S S  ---------------

VM state: not at safepoint (normal execution)

VM Mutex/Monitor currently owned by a thread: None

Heap address: 0x0000000765a00000, size: 2470 MB, Compressed Oops mode: Zero based, Oop shift amount: 3

CDS archive(s) mapped at: [0x0000000800000000-0x0000000800c95000-0x0000000800c95000), size 13193216, SharedBaseAddress: 0x0000000800000000, ArchiveRelocationMode: 0.
Compressed class space mapped at: 0x0000000801000000-0x0000000841000000, reserved size: 1073741824
Narrow klass base: 0x0000000800000000, Narrow klass shift: 0, Narrow klass range: 0x100000000

GC Precious Log:
<Skipped>

Heap:
 garbage-first heap   total 163840K, used 12512K [0x0000000765a00000, 0x0000000800000000)
  region size 2048K, 5 young (10240K), 1 survivors (2048K)
 Metaspace       used 9737K, committed 9984K, reserved 1114112K
  class space    used 1123K, committed 1216K, reserved 1048576K

Heap Regions: E=young(eden), S=young(survivor), O=old, HS=humongous(starts), HC=humongous(continues), CS=collection set, F=free, OA=open archive, CA=closed archive, TAMS=top-at-mark-start, PB=parsable bottom
|   0|0x0000000765a00000, 0x0000000765b20000, 0x0000000765c00000| 56%| O|  |TAMS 0x0000000765a00000| PB 0x0000000765a00000| Untracked 
|   1|0x0000000765c00000, 0x0000000765c00000, 0x0000000765e00000|  0%| F|  |TAMS 0x0000000765c00000| PB 0x0000000765c00000| Untracked 
|   2|0x0000000765e00000, 0x0000000765e00000, 0x0000000766000000|  0%| F|  |TAMS 0x0000000765e00000| PB 0x0000000765e00000| Untracked 
|   3|0x0000000766000000, 0x0000000766000000, 0x0000000766200000|  0%| F|  |TAMS 0x0000000766000000| PB 0x0000000766000000| Untracked 
|   4|0x0000000766200000, 0x0000000766200000, 0x0000000766400000|  0%| F|  |TAMS 0x0000000766200000| PB 0x0000000766200000| Untracked 
|   5|0x0000000766400000, 0x0000000766400000, 0x0000000766600000|  0%| F|  |TAMS 0x0000000766400000| PB 0x0000000766400000| Untracked 
|   6|0x0000000766600000, 0x0000000766600000, 0x0000000766800000|  0%| F|  |TAMS 0x0000000766600000| PB 0x0000000766600000| Untracked 
|   7|0x0000000766800000, 0x0000000766800000, 0x0000000766a00000|  0%| F|  |TAMS 0x0000000766800000| PB 0x0000000766800000| Untracked 
|   8|0x0000000766a00000, 0x0000000766a00000, 0x0000000766c00000|  0%| F|  |TAMS 0x0000000766a00000| PB 0x0000000766a00000| Untracked 
|   9|0x0000000766c00000, 0x0000000766c00000, 0x0000000766e00000|  0%| F|  |TAMS 0x0000000766c00000| PB 0x0000000766c00000| Untracked 
|  10|0x0000000766e00000, 0x0000000766e00000, 0x0000000767000000|  0%| F|  |TAMS 0x0000000766e00000| PB 0x0000000766e00000| Untracked 
|  11|0x0000000767000000, 0x0000000767000000, 0x0000000767200000|  0%| F|  |TAMS 0x0000000767000000| PB 0x0000000767000000| Untracked 
|  12|0x0000000767200000, 0x0000000767200000, 0x0000000767400000|  0%| F|  |TAMS 0x0000000767200000| PB 0x0000000767200000| Untracked 
|  13|0x0000000767400000, 0x0000000767400000, 0x0000000767600000|  0%| F|  |TAMS 0x0000000767400000| PB 0x0000000767400000| Untracked 
|  14|0x0000000767600000, 0x0000000767600000, 0x0000000767800000|  0%| F|  |TAMS 0x0000000767600000| PB 0x0000000767600000| Untracked 
|  15|0x0000000767800000, 0x0000000767800000, 0x0000000767a00000|  0%| F|  |TAMS 0x0000000767800000| PB 0x0000000767800000| Untracked 
|  16|0x0000000767a00000, 0x0000000767a00000, 0x0000000767c00000|  0%| F|  |TAMS 0x0000000767a00000| PB 0x0000000767a00000| Untracked 
|  17|0x0000000767c00000, 0x0000000767c00000, 0x0000000767e00000|  0%| F|  |TAMS 0x0000000767c00000| PB 0x0000000767c00000| Untracked 
|  18|0x0000000767e00000, 0x0000000767e00000, 0x0000000768000000|  0%| F|  |TAMS 0x0000000767e00000| PB 0x0000000767e00000| Untracked 
|  19|0x0000000768000000, 0x0000000768000000, 0x0000000768200000|  0%| F|  |TAMS 0x0000000768000000| PB 0x0000000768000000| Untracked 
|  20|0x0000000768200000, 0x0000000768200000, 0x0000000768400000|  0%| F|  |TAMS 0x0000000768200000| PB 0x0000000768200000| Untracked 
|  21|0x0000000768400000, 0x0000000768400000, 0x0000000768600000|  0%| F|  |TAMS 0x0000000768400000| PB 0x0000000768400000| Untracked 
|  22|0x0000000768600000, 0x0000000768600000, 0x0000000768800000|  0%| F|  |TAMS 0x0000000768600000| PB 0x0000000768600000| Untracked 
|  23|0x0000000768800000, 0x0000000768800000, 0x0000000768a00000|  0%| F|  |TAMS 0x0000000768800000| PB 0x0000000768800000| Untracked 
|  24|0x0000000768a00000, 0x0000000768a00000, 0x0000000768c00000|  0%| F|  |TAMS 0x0000000768a00000| PB 0x0000000768a00000| Untracked 
|  25|0x0000000768c00000, 0x0000000768c00000, 0x0000000768e00000|  0%| F|  |TAMS 0x0000000768c00000| PB 0x0000000768c00000| Untracked 
|  26|0x0000000768e00000, 0x0000000768e00000, 0x0000000769000000|  0%| F|  |TAMS 0x0000000768e00000| PB 0x0000000768e00000| Untracked 
|  27|0x0000000769000000, 0x0000000769000000, 0x0000000769200000|  0%| F|  |TAMS 0x0000000769000000| PB 0x0000000769000000| Untracked 
|  28|0x0000000769200000, 0x0000000769200000, 0x0000000769400000|  0%| F|  |TAMS 0x0000000769200000| PB 0x0000000769200000| Untracked 
|  29|0x0000000769400000, 0x0000000769400000, 0x0000000769600000|  0%| F|  |TAMS 0x0000000769400000| PB 0x0000000769400000| Untracked 
|  30|0x0000000769600000, 0x0000000769600000, 0x0000000769800000|  0%| F|  |TAMS 0x0000000769600000| PB 0x0000000769600000| Untracked 
|  31|0x0000000769800000, 0x0000000769800000, 0x0000000769a00000|  0%| F|  |TAMS 0x0000000769800000| PB 0x0000000769800000| Untracked 
|  32|0x0000000769a00000, 0x0000000769a00000, 0x0000000769c00000|  0%| F|  |TAMS 0x0000000769a00000| PB 0x0000000769a00000| Untracked 
|  33|0x0000000769c00000, 0x0000000769c00000, 0x0000000769e00000|  0%| F|  |TAMS 0x0000000769c00000| PB 0x0000000769c00000| Untracked 
|  34|0x0000000769e00000, 0x0000000769e00000, 0x000000076a000000|  0%| F|  |TAMS 0x0000000769e00000| PB 0x0000000769e00000| Untracked 
|  35|0x000000076a000000, 0x000000076a000000, 0x000000076a200000|  0%| F|  |TAMS 0x000000076a000000| PB 0x000000076a000000| Untracked 
|  36|0x000000076a200000, 0x000000076a200000, 0x000000076a400000|  0%| F|  |TAMS 0x000000076a200000| PB 0x000000076a200000| Untracked 
|  37|0x000000076a400000, 0x000000076a400000, 0x000000076a600000|  0%| F|  |TAMS 0x000000076a400000| PB 0x000000076a400000| Untracked 
|  38|0x000000076a600000, 0x000000076a600000, 0x000000076a800000|  0%| F|  |TAMS 0x000000076a600000| PB 0x000000076a600000| Untracked 
|  39|0x000000076a800000, 0x000000076a800000, 0x000000076aa00000|  0%| F|  |TAMS 0x000000076a800000| PB 0x000000076a800000| Untracked 
|  40|0x000000076aa00000, 0x000000076aa00000, 0x000000076ac00000|  0%| F|  |TAMS 0x000000076aa00000| PB 0x000000076aa00000| Untracked 
|  41|0x000000076ac00000, 0x000000076ac00000, 0x000000076ae00000|  0%| F|  |TAMS 0x000000076ac00000| PB 0x000000076ac00000| Untracked 
|  42|0x000000076ae00000, 0x000000076ae00000, 0x000000076b000000|  0%| F|  |TAMS 0x000000076ae00000| PB 0x000000076ae00000| Untracked 
|  43|0x000000076b000000, 0x000000076b000000, 0x000000076b200000|  0%| F|  |TAMS 0x000000076b000000| PB 0x000000076b000000| Untracked 
|  44|0x000000076b200000, 0x000000076b200000, 0x000000076b400000|  0%| F|  |TAMS 0x000000076b200000| PB 0x000000076b200000| Untracked 
|  45|0x000000076b400000, 0x000000076b400000, 0x000000076b600000|  0%| F|  |TAMS 0x000000076b400000| PB 0x000000076b400000| Untracked 
|  46|0x000000076b600000, 0x000000076b600000, 0x000000076b800000|  0%| F|  |TAMS 0x000000076b600000| PB 0x000000076b600000| Untracked 
|  47|0x000000076b800000, 0x000000076b800000, 0x000000076ba00000|  0%| F|  |TAMS 0x000000076b800000| PB 0x000000076b800000| Untracked 
|  48|0x000000076ba00000, 0x000000076ba00000, 0x000000076bc00000|  0%| F|  |TAMS 0x000000076ba00000| PB 0x000000076ba00000| Untracked 
|  49|0x000000076bc00000, 0x000000076bc00000, 0x000000076be00000|  0%| F|  |TAMS 0x000000076bc00000| PB 0x000000076bc00000| Untracked 
|  50|0x000000076be00000, 0x000000076be00000, 0x000000076c000000|  0%| F|  |TAMS 0x000000076be00000| PB 0x000000076be00000| Untracked 
|  51|0x000000076c000000, 0x000000076c000000, 0x000000076c200000|  0%| F|  |TAMS 0x000000076c000000| PB 0x000000076c000000| Untracked 
|  52|0x000000076c200000, 0x000000076c200000, 0x000000076c400000|  0%| F|  |TAMS 0x000000076c200000| PB 0x000000076c200000| Untracked 
|  53|0x000000076c400000, 0x000000076c400000, 0x000000076c600000|  0%| F|  |TAMS 0x000000076c400000| PB 0x000000076c400000| Untracked 
|  54|0x000000076c600000, 0x000000076c600000, 0x000000076c800000|  0%| F|  |TAMS 0x000000076c600000| PB 0x000000076c600000| Untracked 
|  55|0x000000076c800000, 0x000000076c800000, 0x000000076ca00000|  0%| F|  |TAMS 0x000000076c800000| PB 0x000000076c800000| Untracked 
|  56|0x000000076ca00000, 0x000000076ca00000, 0x000000076cc00000|  0%| F|  |TAMS 0x000000076ca00000| PB 0x000000076ca00000| Untracked 
|  57|0x000000076cc00000, 0x000000076cc00000, 0x000000076ce00000|  0%| F|  |TAMS 0x000000076cc00000| PB 0x000000076cc00000| Untracked 
|  58|0x000000076ce00000, 0x000000076ce00000, 0x000000076d000000|  0%| F|  |TAMS 0x000000076ce00000| PB 0x000000076ce00000| Untracked 
|  59|0x000000076d000000, 0x000000076d000000, 0x000000076d200000|  0%| F|  |TAMS 0x000000076d000000| PB 0x000000076d000000| Untracked 
|  60|0x000000076d200000, 0x000000076d200000, 0x000000076d400000|  0%| F|  |TAMS 0x000000076d200000| PB 0x000000076d200000| Untracked 
|  61|0x000000076d400000, 0x000000076d400000, 0x000000076d600000|  0%| F|  |TAMS 0x000000076d400000| PB 0x000000076d400000| Untracked 
|  62|0x000000076d600000, 0x000000076d600000, 0x000000076d800000|  0%| F|  |TAMS 0x000000076d600000| PB 0x000000076d600000| Untracked 
|  63|0x000000076d800000, 0x000000076d800000, 0x000000076da00000|  0%| F|  |TAMS 0x000000076d800000| PB 0x000000076d800000| Untracked 
|  64|0x000000076da00000, 0x000000076da00000, 0x000000076dc00000|  0%| F|  |TAMS 0x000000076da00000| PB 0x000000076da00000| Untracked 
|  65|0x000000076dc00000, 0x000000076dc00000, 0x000000076de00000|  0%| F|  |TAMS 0x000000076dc00000| PB 0x000000076dc00000| Untracked 
|  66|0x000000076de00000, 0x000000076de00000, 0x000000076e000000|  0%| F|  |TAMS 0x000000076de00000| PB 0x000000076de00000| Untracked 
|  67|0x000000076e000000, 0x000000076e000000, 0x000000076e200000|  0%| F|  |TAMS 0x000000076e000000| PB 0x000000076e000000| Untracked 
|  68|0x000000076e200000, 0x000000076e200000, 0x000000076e400000|  0%| F|  |TAMS 0x000000076e200000| PB 0x000000076e200000| Untracked 
|  69|0x000000076e400000, 0x000000076e400000, 0x000000076e600000|  0%| F|  |TAMS 0x000000076e400000| PB 0x000000076e400000| Untracked 
|  70|0x000000076e600000, 0x000000076e600000, 0x000000076e800000|  0%| F|  |TAMS 0x000000076e600000| PB 0x000000076e600000| Untracked 
|  71|0x000000076e800000, 0x000000076ea00000, 0x000000076ea00000|100%| S|CS|TAMS 0x000000076e800000| PB 0x000000076e800000| Complete 
|  72|0x000000076ea00000, 0x000000076ea00000, 0x000000076ec00000|  0%| F|  |TAMS 0x000000076ea00000| PB 0x000000076ea00000| Untracked 
|  73|0x000000076ec00000, 0x000000076ec00000, 0x000000076ee00000|  0%| F|  |TAMS 0x000000076ec00000| PB 0x000000076ec00000| Untracked 
|  74|0x000000076ee00000, 0x000000076ef1c810, 0x000000076f000000| 55%| E|  |TAMS 0x000000076ee00000| PB 0x000000076ee00000| Complete 
|  75|0x000000076f000000, 0x000000076f200000, 0x000000076f200000|100%| E|CS|TAMS 0x000000076f000000| PB 0x000000076f000000| Complete 
|  76|0x000000076f200000, 0x000000076f400000, 0x000000076f400000|100%| E|CS|TAMS 0x000000076f200000| PB 0x000000076f200000| Complete 
|  77|0x000000076f400000, 0x000000076f600000, 0x000000076f600000|100%| E|CS|TAMS 0x000000076f400000| PB 0x000000076f400000| Complete 
|1233|0x00000007ffc00000, 0x00000007ffd796f0, 0x00000007ffe00000| 73%|OA|  |TAMS 0x00000007ffc00000| PB 0x00000007ffc00000| Untracked 
|1234|0x00000007ffe00000, 0x00000007ffe822e8, 0x0000000800000000| 25%|CA|  |TAMS 0x00000007ffe00000| PB 0x00000007ffe00000| Untracked 

Card table byte_map: [0x00007f3fcf16b000,0x00007f3fcf63e000] _byte_map_base: 0x00007f3fcb63e000

Marking Bits: (CMBitMap*) 0x00007f3fc8067ab0
 Bits: [0x00007f3fccad3000, 0x00007f3fcf16b000)

Polling page: 0x00007f3fd1da4000

Metaspace:

Usage:
  Non-class:      8,41 MB used.
      Class:      1,10 MB used.
       Both:      9,51 MB used.

Virtual space:
  Non-class space:       64,00 MB reserved,       8,56 MB ( 13%) committed,  1 nodes.
      Class space:        1,00 GB reserved,       1,19 MB ( <1%) committed,  1 nodes.
             Both:        1,06 GB reserved,       9,75 MB ( <1%) committed. 

Chunk freelists:
   Non-Class:  5,40 MB
       Class:  14,75 MB
        Both:  20,16 MB

MaxMetaspaceSize: unlimited
CompressedClassSpaceSize: 1,00 GB
Initial GC threshold: 21,00 MB
Current GC threshold: 21,00 MB
CDS: on
MetaspaceReclaimPolicy: balanced
 - commit_granule_bytes: 65536.
 - commit_granule_words: 8192.
 - virtual_space_node_default_size: 8388608.
 - enlarge_chunks_in_place: 1.
 - use_allocation_guard: 0.


Internal statistics:

num_allocs_failed_limit: 0.
num_arena_births: 156.
num_arena_deaths: 0.
num_vsnodes_births: 2.
num_vsnodes_deaths: 0.
num_space_committed: 156.
num_space_uncommitted: 0.
num_chunks_returned_to_freelist: 0.
num_chunks_taken_from_freelist: 491.
num_chunk_merges: 0.
num_chunk_splits: 338.
num_chunks_enlarged: 250.
num_inconsistent_stats: 0.

CodeHeap 'non-profiled nmethods': size=120032Kb used=447Kb max_used=447Kb free=119584Kb
 bounds [0x00007f3fb82c8000, 0x00007f3fb8538000, 0x00007f3fbf800000]
CodeHeap 'profiled nmethods': size=120028Kb used=2426Kb max_used=2426Kb free=117601Kb
 bounds [0x00007f3fb0800000, 0x00007f3fb0a70000, 0x00007f3fb7d37000]
CodeHeap 'non-nmethods': size=5700Kb used=1402Kb max_used=1447Kb free=4297Kb
 bounds [0x00007f3fb7d37000, 0x00007f3fb7fa7000, 0x00007f3fb82c8000]
 total_blobs=1826 nmethods=1377 adapters=360
 compilation: enabled
              stopped_count=0, restarted_count=0
 full_count=0

Compilation events (20 events):
Event: 1,958 Thread 0x00007f3fc81038c0 1293       4       com.sun.tools.javac.jvm.Code::width (42 bytes)
Event: 1,958 Thread 0x00007f3fc81038c0 nmethod 1293 0x00007f3fb8336f90 code [0x00007f3fb8337100, 0x00007f3fb83371a8]
Event: 1,958 Thread 0x00007f3fc81038c0 1274       4       com.sun.tools.javac.code.Type$JCNoType::getTag (4 bytes)
Event: 1,959 Thread 0x00007f3fc81038c0 nmethod 1274 0x00007f3fb8337290 code [0x00007f3fb8337400, 0x00007f3fb8337490]
Event: 1,959 Thread 0x00007f3fc81038c0 1372       4       jdk.internal.util.Preconditions::checkFromToIndex (24 bytes)
Event: 1,959 Thread 0x00007f3fc81038c0 nmethod 1372 0x00007f3fb8337590 code [0x00007f3fb8337720, 0x00007f3fb8337800]
Event: 1,959 Thread 0x00007f3fc81038c0 1374       4       java.lang.String::checkBoundsBeginEnd (11 bytes)
Event: 1,960 Thread 0x00007f3fc81038c0 nmethod 1374 0x00007f3fb8337910 code [0x00007f3fb8337aa0, 0x00007f3fb8337b70]
Event: 20,606 Thread 0x00007f3fc8104e60 1376       3       java.util.concurrent.locks.AbstractQueuedSynchronizer::compareAndSetState (13 bytes)
Event: 20,606 Thread 0x00007f3fc8104e60 nmethod 1376 0x00007f3fb0a5c590 code [0x00007f3fb0a5c720, 0x00007f3fb0a5c840]
Event: 20,606 Thread 0x00007f3fc8104e60 1380       3       java.util.concurrent.locks.AbstractQueuedSynchronizer::release (19 bytes)
Event: 20,607 Thread 0x00007f3fc8104e60 nmethod 1380 0x00007f3fb0a5c910 code [0x00007f3fb0a5cb20, 0x00007f3fb0a5d178]
Event: 20,607 Thread 0x00007f3fc8104e60 1381       3       java.util.concurrent.locks.ReentrantLock$Sync::tryRelease (51 bytes)
Event: 20,607 Thread 0x00007f3fc8104e60 nmethod 1381 0x00007f3fb0a5d390 code [0x00007f3fb0a5d560, 0x00007f3fb0a5d8e0]
Event: 20,607 Thread 0x00007f3fc8104e60 1377       3       java.util.concurrent.locks.ReentrantLock::lock (8 bytes)
Event: 20,608 Thread 0x00007f3fc8104e60 nmethod 1377 0x00007f3fb0a5d990 code [0x00007f3fb0a5db60, 0x00007f3fb0a5de58]
Event: 20,608 Thread 0x00007f3fc8104e60 1378       3       java.util.concurrent.locks.ReentrantLock$Sync::lock (13 bytes)
Event: 20,608 Thread 0x00007f3fc8104e60 nmethod 1378 0x00007f3fb0a5df90 code [0x00007f3fb0a5e160, 0x00007f3fb0a5e3f0]
Event: 20,608 Thread 0x00007f3fc8104e60 1379       3       java.util.concurrent.locks.ReentrantLock$NonfairSync::initialTryLock (58 bytes)
Event: 20,608 Thread 0x00007f3fc8104e60 nmethod 1379 0x00007f3fb0a5e490 code [0x00007f3fb0a5e660, 0x00007f3fb0a5ea60]

GC Heap History (2 events):
Event: 0,992 GC heap before
{Heap before GC invocations=0 (full 0):
 garbage-first heap   total 163840K, used 14318K [0x0000000765a00000, 0x0000000800000000)
  region size 2048K, 6 young (12288K), 0 survivors (0K)
 Metaspace       used 8481K, committed 8704K, reserved 1114112K
  class space    used 961K, committed 1088K, reserved 1048576K
}
Event: 1,003 GC heap after
{Heap after GC invocations=1 (full 0):
 garbage-first heap   total 163840K, used 5230K [0x0000000765a00000, 0x0000000800000000)
  region size 2048K, 1 young (2048K), 1 survivors (2048K)
 Metaspace       used 8481K, committed 8704K, reserved 1114112K
  class space    used 961K, committed 1088K, reserved 1048576K
}

Dll operation events (5 events):
Event: 0,003 Loaded shared library /usr/lib/jvm/java-21-openjdk-amd64/lib/libjava.so
Event: 0,016 Loaded shared library /usr/lib/jvm/java-21-openjdk-amd64/lib/libjsvml.so
Event: 0,097 Loaded shared library /usr/lib/jvm/java-21-openjdk-amd64/lib/libnio.so
Event: 0,098 Loaded shared library /usr/lib/jvm/java-21-openjdk-amd64/lib/libjimage.so
Event: 0,112 Loaded shared library /usr/lib/jvm/java-21-openjdk-amd64/lib/libnet.so

Deoptimization events (20 events):
Event: 1,287 Thread 0x00007f3fc80184a0 Uncommon trap: trap_request=0xffffffe5 fr.pc=0x00007f3fb831cf64 relative=0x0000000000000b04
Event: 1,287 Thread 0x00007f3fc80184a0 Uncommon trap: reason=range_check action=reinterpret pc=0x00007f3fb831cf64 method=com.sun.tools.javac.util.ArrayUtils.ensureCapacity([BI)[B @ 1 c2
Event: 1,287 Thread 0x00007f3fc80184a0 DEOPT PACKING pc=0x00007f3fb831cf64 sp=0x00007f3fd19fc2b0
Event: 1,287 Thread 0x00007f3fc80184a0 DEOPT UNPACKING pc=0x00007f3fb7da0419 sp=0x00007f3fd19fc1e0 mode 2
Event: 1,356 Thread 0x00007f3fc80184a0 Uncommon trap: trap_request=0xffffffde fr.pc=0x00007f3fb831fdc0 relative=0x00000000000002e0
Event: 1,356 Thread 0x00007f3fc80184a0 Uncommon trap: reason=class_check action=maybe_recompile pc=0x00007f3fb831fdc0 method=java.util.HashMap.getNode(Ljava/lang/Object;)Ljava/util/HashMap$Node; @ 128 c2
Event: 1,356 Thread 0x00007f3fc80184a0 DEOPT PACKING pc=0x00007f3fb831fdc0 sp=0x00007f3fd19fd4c0
Event: 1,356 Thread 0x00007f3fc80184a0 DEOPT UNPACKING pc=0x00007f3fb7da0419 sp=0x00007f3fd19fd3e8 mode 2
Event: 1,356 Thread 0x00007f3fc80184a0 Uncommon trap: trap_request=0xffffffc6 fr.pc=0x00007f3fb82fdac0 relative=0x0000000000000360
Event: 1,356 Thread 0x00007f3fc80184a0 Uncommon trap: reason=bimorphic_or_optimized_type_check action=maybe_recompile pc=0x00007f3fb82fdac0 method=java.util.HashMap.getNode(Ljava/lang/Object;)Ljava/util/HashMap$Node; @ 63 c2
Event: 1,356 Thread 0x00007f3fc80184a0 DEOPT PACKING pc=0x00007f3fb82fdac0 sp=0x00007f3fd19fd450
Event: 1,356 Thread 0x00007f3fc80184a0 DEOPT UNPACKING pc=0x00007f3fb7da0419 sp=0x00007f3fd19fd3e8 mode 2
Event: 1,373 Thread 0x00007f3fc80184a0 Uncommon trap: trap_request=0xffffff45 fr.pc=0x00007f3fb83162e0 relative=0x0000000000000680
Event: 1,373 Thread 0x00007f3fc80184a0 Uncommon trap: reason=unstable_if action=reinterpret pc=0x00007f3fb83162e0 method=java.lang.String.<init>(Ljava/nio/charset/Charset;[BII)V @ 34 c2
Event: 1,373 Thread 0x00007f3fc80184a0 DEOPT PACKING pc=0x00007f3fb83162e0 sp=0x00007f3fd19fe6b0
Event: 1,373 Thread 0x00007f3fc80184a0 DEOPT UNPACKING pc=0x00007f3fb7da0419 sp=0x00007f3fd19fe630 mode 2
Event: 1,374 Thread 0x00007f3fc80184a0 Uncommon trap: trap_request=0xffffff45 fr.pc=0x00007f3fb8314210 relative=0x0000000000000630
Event: 1,374 Thread 0x00007f3fc80184a0 Uncommon trap: reason=unstable_if action=reinterpret pc=0x00007f3fb8314210 method=java.lang.StringLatin1.newString([BII)Ljava/lang/String; @ 1 c2
Event: 1,374 Thread 0x00007f3fc80184a0 DEOPT PACKING pc=0x00007f3fb8314210 sp=0x00007f3fd19fe3d0
Event: 1,374 Thread 0x00007f3fc80184a0 DEOPT UNPACKING pc=0x00007f3fb7da0419 sp=0x00007f3fd19fe330 mode 2

Classes loaded (20 events):
Event: 1,382 Loading class java/util/concurrent/BlockingQueue done
Event: 1,382 Loading class java/util/concurrent/SynchronousQueue done
Event: 1,382 Loading class java/util/concurrent/SynchronousQueue$TransferStack
Event: 1,383 Loading class java/util/concurrent/SynchronousQueue$Transferer
Event: 1,383 Loading class java/util/concurrent/SynchronousQueue$Transferer done
Event: 1,383 Loading class java/util/concurrent/SynchronousQueue$TransferStack done
Event: 1,383 Loading class java/util/concurrent/SynchronousQueue$TransferStack$SNode
Event: 1,383 Loading class java/util/concurrent/SynchronousQueue$TransferStack$SNode done
Event: 1,385 Loading class sun/misc/Signal
Event: 1,385 Loading class sun/misc/Signal done
Event: 1,385 Loading class sun/misc/Signal$InternalMiscHandler
Event: 1,385 Loading class sun/misc/Signal$InternalMiscHandler done
Event: 1,385 Loading class sun/misc/Signal$SunMiscHandler
Event: 1,385 Loading class sun/misc/Signal$SunMiscHandler done
Event: 1,386 Loading class jdk/internal/event/ThreadSleepEvent
Event: 1,386 Loading class jdk/internal/event/Event
Event: 1,386 Loading class jdk/internal/event/Event done
Event: 1,386 Loading class jdk/internal/event/ThreadSleepEvent done
Event: 20,605 Loading class jdk/internal/misc/Signal$1
Event: 20,605 Loading class jdk/internal/misc/Signal$1 done

Classes unloaded (0 events):
No events

Classes redefined (0 events):
No events

Internal exceptions (20 events):
Event: 0,678 Thread 0x00007f3fc80184a0 Exception <a 'java/lang/NoSuchMethodError'{0x000000076ee38918}: 'java.lang.Object java.lang.invoke.DirectMethodHandle$Holder.invokeSpecial(java.lang.Object, java.lang.Object, java.lang.Object, int, int)'> (0x000000076ee38918) 
thrown [./src/hotspot/share/interpreter/linkResolver.cpp, line 772]
Event: 0,925 Thread 0x00007f3fc80184a0 Exception <a 'java/lang/NoSuchMethodError'{0x000000076eae9058}: 'int java.lang.invoke.DirectMethodHandle$Holder.invokeSpecial(java.lang.Object, java.lang.Object, java.lang.Object)'> (0x000000076eae9058) 
thrown [./src/hotspot/share/interpreter/linkResolver.cpp, line 772]
Event: 0,939 Thread 0x00007f3fc80184a0 Exception <a 'java/lang/NoSuchMethodError'{0x000000076eb06ea0}: 'java.lang.Object java.lang.invoke.DirectMethodHandle$Holder.invokeStatic(java.lang.Object, java.lang.Object, int, int)'> (0x000000076eb06ea0) 
thrown [./src/hotspot/share/interpreter/linkResolver.cpp, line 772]
Event: 0,972 Thread 0x00007f3fc80184a0 Exception <a 'java/lang/NoSuchMethodError'{0x000000076eb435e0}: 'java.lang.Object java.lang.invoke.DirectMethodHandle$Holder.invokeInterface(java.lang.Object, java.lang.Object)'> (0x000000076eb435e0) 
thrown [./src/hotspot/share/interpreter/linkResolver.cpp, line 772]
Event: 1,111 Thread 0x00007f3fc80184a0 Exception <a 'java/lang/NoSuchMethodError'{0x000000076f273e30}: 'int java.lang.invoke.DirectMethodHandle$Holder.invokeStatic(java.lang.Object, java.lang.Object, java.lang.Object, java.lang.Object)'> (0x000000076f273e30) 
thrown [./src/hotspot/share/interpreter/linkResolver.cpp, line 772]
Event: 1,179 Thread 0x00007f3fc80184a0 Exception <a 'java/lang/NoSuchMethodError'{0x000000076f389d78}: 'void java.lang.invoke.DirectMethodHandle$Holder.invokeVirtual(java.lang.Object, java.lang.Object)'> (0x000000076f389d78) 
thrown [./src/hotspot/share/interpreter/linkResolver.cpp, line 772]
Event: 1,295 Thread 0x00007f3fc80184a0 Exception <a 'java/lang/NoSuchMethodError'{0x000000076f1d91f0}: 'java.lang.Object java.lang.invoke.DirectMethodHandle$Holder.invokeStaticInit(java.lang.Object, java.lang.Object, java.lang.Object, java.lang.Object, java.lang.Object, java.lang.Object, java.lang.Object)'> (0x000000076f1d91f0) 
thrown [./src/hotspot/share/interpreter/linkResolver.cpp, line 772]
Event: 1,299 Thread 0x00007f3fc80184a0 Exception <a 'java/lang/NoSuchMethodError'{0x000000076f1e1c40}: 'java.lang.Object java.lang.invoke.Invokers$Holder.invoke_MT(java.lang.Object, java.lang.Object, java.lang.Object, java.lang.Object, java.lang.Object, java.lang.Object, java.lang.Object, java.lang.Object, java.lang.Object, java.lang.Object)'> (0x000000076f1e1c40) 
thrown [./src/hotspot/share/interpreter/linkResolver.cpp, line 772]
Event: 1,301 Thread 0x00007f3fc80184a0 Exception <a 'java/lang/NoSuchMethodError'{0x000000076f1e7908}: 'java.lang.Object java.lang.invoke.DirectMethodHandle$Holder.invokeStatic(java.lang.Object, java.lang.Object, int)'> (0x000000076f1e7908) 
thrown [./src/hotspot/share/interpreter/linkResolver.cpp, line 772]
Event: 1,316 Thread 0x00007f3fc80184a0 Exception <a 'java/lang/NoSuchMethodError'{0x000000076f1fcac0}: 'void java.lang.invoke.DelegatingMethodHandle$Holder.delegate(java.lang.Object, java.lang.Object, int, java.lang.Object)'> (0x000000076f1fcac0) 
thrown [./src/hotspot/share/interpreter/linkResolver.cpp, line 772]
Event: 1,327 Thread 0x00007f3fc80184a0 Exception <a 'java/lang/NoSuchMethodError'{0x000000076ee1d548}: 'int java.lang.invoke.DirectMethodHandle$Holder.invokeStaticInit(java.lang.Object, java.lang.Object, java.lang.Object)'> (0x000000076ee1d548) 
thrown [./src/hotspot/share/interpreter/linkResolver.cpp, line 772]
Event: 1,328 Thread 0x00007f3fc80184a0 Exception <a 'java/lang/NoSuchMethodError'{0x000000076ee20e98}: 'int java.lang.invoke.DirectMethodHandle$Holder.invokeStaticInit(java.lang.Object, int, int)'> (0x000000076ee20e98) 
thrown [./src/hotspot/share/interpreter/linkResolver.cpp, line 772]
Event: 1,330 Thread 0x00007f3fc80184a0 Exception <a 'java/lang/NoSuchMethodError'{0x000000076ee28508}: 'int java.lang.invoke.DirectMethodHandle$Holder.invokeStaticInit(java.lang.Object, long, long)'> (0x000000076ee28508) 
thrown [./src/hotspot/share/interpreter/linkResolver.cpp, line 772]
Event: 1,332 Thread 0x00007f3fc80184a0 Exception <a 'java/lang/NoSuchMethodError'{0x000000076ee2f0d0}: 'int java.lang.invoke.DirectMethodHandle$Holder.invokeStaticInit(java.lang.Object, float, float)'> (0x000000076ee2f0d0) 
thrown [./src/hotspot/share/interpreter/linkResolver.cpp, line 772]
Event: 1,333 Thread 0x00007f3fc80184a0 Exception <a 'java/lang/NoSuchMethodError'{0x000000076ee35f98}: 'int java.lang.invoke.DirectMethodHandle$Holder.invokeStaticInit(java.lang.Object, double, double)'> (0x000000076ee35f98) 
thrown [./src/hotspot/share/interpreter/linkResolver.cpp, line 772]
Event: 1,334 Thread 0x00007f3fc80184a0 Exception <a 'java/lang/NoSuchMethodError'{0x000000076ee3a710}: 'int java.lang.invoke.DirectMethodHandle$Holder.invokeStatic(java.lang.Object, long)'> (0x000000076ee3a710) 
thrown [./src/hotspot/share/interpreter/linkResolver.cpp, line 772]
Event: 1,353 Thread 0x00007f3fc80184a0 Exception <a 'java/lang/NoSuchMethodError'{0x000000076ee5c668}: 'int java.lang.invoke.Invokers$Holder.linkToTargetMethod(java.lang.Object, java.lang.Object)'> (0x000000076ee5c668) 
thrown [./src/hotspot/share/interpreter/linkResolver.cpp, line 772]
Event: 1,379 Thread 0x00007f3fc80184a0 Exception <a 'java/lang/NoSuchMethodError'{0x000000076ee88018}: 'java.lang.Object java.lang.invoke.DirectMethodHandle$Holder.invokeStatic(java.lang.Object, long, java.lang.Object)'> (0x000000076ee88018) 
thrown [./src/hotspot/share/interpreter/linkResolver.cpp, line 772]
Event: 1,380 Thread 0x00007f3fc80184a0 Exception <a 'java/lang/NoSuchMethodError'{0x000000076ee8b4f0}: 'java.lang.Object java.lang.invoke.DirectMethodHandle$Holder.invokeStaticInit(java.lang.Object, long, java.lang.Object)'> (0x000000076ee8b4f0) 
thrown [./src/hotspot/share/interpreter/linkResolver.cpp, line 772]
Event: 1,381 Thread 0x00007f3fc80184a0 Exception <a 'java/lang/NoSuchMethodError'{0x000000076ee90f78}: 'java.lang.Object java.lang.invoke.DirectMethodHandle$Holder.newInvokeSpecial(java.lang.Object, long)'> (0x000000076ee90f78) 
thrown [./src/hotspot/share/interpreter/linkResolver.cpp, line 772]

VM Operations (14 events):
Event: 0,070 Executing VM operation: HandshakeAllThreads
Event: 0,071 Executing VM operation: HandshakeAllThreads done
Event: 0,233 Executing VM operation: HandshakeAllThreads
Event: 0,233 Executing VM operation: HandshakeAllThreads done
Event: 0,583 Executing VM operation: HandshakeAllThreads
Event: 0,583 Executing VM operation: HandshakeAllThreads done
Event: 0,602 Executing VM operation: HandshakeAllThreads
Event: 0,602 Executing VM operation: HandshakeAllThreads done
Event: 0,992 Executing VM operation: G1CollectForAllocation
Event: 1,003 Executing VM operation: G1CollectForAllocation done
Event: 1,279 Executing VM operation: ICBufferFull
Event: 1,279 Executing VM operation: ICBufferFull done
Event: 2,279 Executing VM operation: Cleanup
Event: 2,279 Executing VM operation: Cleanup done

Events (20 events):
Event: 0,028 Thread 0x00007f3fc80ff590 Thread added: 0x00007f3fc80ff590
Event: 0,028 Protecting memory [0x00007f3fb03fe000,0x00007f3fb0402000] with protection modes 0
Event: 0,028 Thread 0x00007f3fc8100a20 Thread added: 0x00007f3fc8100a20
Event: 0,028 Protecting memory [0x00007f3fb02fe000,0x00007f3fb0302000] with protection modes 0
Event: 0,028 Thread 0x00007f3fc8101ea0 Thread added: 0x00007f3fc8101ea0
Event: 0,028 Protecting memory [0x00007f3fb01fe000,0x00007f3fb0202000] with protection modes 0
Event: 0,028 Thread 0x00007f3fc81038c0 Thread added: 0x00007f3fc81038c0
Event: 0,028 Protecting memory [0x00007f3fb00fe000,0x00007f3fb0102000] with protection modes 0
Event: 0,029 Thread 0x00007f3fc8104e60 Thread added: 0x00007f3fc8104e60
Event: 0,029 Protecting memory [0x00007f3fa1f00000,0x00007f3fa1f04000] with protection modes 0
Event: 0,059 Thread 0x00007f3fc817e5b0 Thread added: 0x00007f3fc817e5b0
Event: 0,059 Protecting memory [0x00007f3fa1500000,0x00007f3fa1504000] with protection modes 0
Event: 0,093 Thread 0x00007f3fc81b3db0 Thread added: 0x00007f3fc81b3db0
Event: 0,093 Protecting memory [0x00007f3fa1400000,0x00007f3fa1404000] with protection modes 0
Event: 20,605 Thread 0x00007f3f800092d0 Thread added: 0x00007f3f800092d0
Event: 20,605 Protecting memory [0x00007f3fa0ef8000,0x00007f3fa0efc000] with protection modes 0
Event: 20,606 Thread 0x00007f3f800092d0 Thread exited: 0x00007f3f800092d0
Event: 63,363 Thread 0x00007f3f800092d0 Thread added: 0x00007f3f800092d0
Event: 63,363 Protecting memory [0x00007f3fa0ef8000,0x00007f3fa0efc000] with protection modes 0
Event: 63,363 Thread 0x00007f3f800092d0 Thread exited: 0x00007f3f800092d0


Dynamic libraries:
765a00000-76f600000 rw-p 00000000 00:00 0 
76f600000-7ffc00000 ---p 00000000 00:00 0 
7ffc00000-7ffd00000 rw-p 00000000 00:00 0 
7ffd00000-7ffd7a000 rw-p 00d56000 08:03 57675718                         /usr/lib/jvm/java-21-openjdk-amd64/lib/server/classes.jsa
7ffd7a000-7ffe00000 rw-p 00000000 00:00 0 
7ffe00000-7ffe83000 rw-p 00cd3000 08:03 57675718                         /usr/lib/jvm/java-21-openjdk-amd64/lib/server/classes.jsa
7ffe83000-800000000 rw-p 00000000 00:00 0 
800000000-80048e000 rw-p 00001000 08:03 57675718                         /usr/lib/jvm/java-21-openjdk-amd64/lib/server/classes.jsa
80048e000-800c95000 r--p 0048f000 08:03 57675718                         /usr/lib/jvm/java-21-openjdk-amd64/lib/server/classes.jsa
800c95000-801000000 ---p 00000000 00:00 0 
801000000-801030000 rw-p 00000000 00:00 0 
801030000-801070000 rw-p 00000000 00:00 0 
801070000-801080000 ---p 00000000 00:00 0 
801080000-801140000 rw-p 00000000 00:00 0 
801140000-841000000 ---p 00000000 00:00 0 
55dd00042000-55dd00043000 r--p 00000000 08:03 57674170                   /usr/lib/jvm/java-21-openjdk-amd64/bin/java
55dd00043000-55dd00044000 r-xp 00001000 08:03 57674170                   /usr/lib/jvm/java-21-openjdk-amd64/bin/java
55dd00044000-55dd00045000 r--p 00002000 08:03 57674170                   /usr/lib/jvm/java-21-openjdk-amd64/bin/java
55dd00045000-55dd00046000 r--p 00002000 08:03 57674170                   /usr/lib/jvm/java-21-openjdk-amd64/bin/java
55dd00046000-55dd00047000 rw-p 00003000 08:03 57674170                   /usr/lib/jvm/java-21-openjdk-amd64/bin/java
55dd0197a000-55dd019c1000 rw-p 00000000 00:00 0                          [heap]
7f3f58000000-7f3f58021000 rw-p 00000000 00:00 0 
7f3f58021000-7f3f5c000000 ---p 00000000 00:00 0 
7f3f5c000000-7f3f5c021000 rw-p 00000000 00:00 0 
7f3f5c021000-7f3f60000000 ---p 00000000 00:00 0 
7f3f60000000-7f3f60021000 rw-p 00000000 00:00 0 
7f3f60021000-7f3f64000000 ---p 00000000 00:00 0 
7f3f64000000-7f3f64021000 rw-p 00000000 00:00 0 
7f3f64021000-7f3f68000000 ---p 00000000 00:00 0 
7f3f68000000-7f3f68021000 rw-p 00000000 00:00 0 
7f3f68021000-7f3f6c000000 ---p 00000000 00:00 0 
7f3f6c000000-7f3f6c021000 rw-p 00000000 00:00 0 
7f3f6c021000-7f3f70000000 ---p 00000000 00:00 0 
7f3f70000000-7f3f702d0000 rw-p 00000000 00:00 0 
7f3f702d0000-7f3f74000000 ---p 00000000 00:00 0 
7f3f74000000-7f3f74021000 rw-p 00000000 00:00 0 
7f3f74021000-7f3f78000000 ---p 00000000 00:00 0 
7f3f78000000-7f3f78021000 rw-p 00000000 00:00 0 
7f3f78021000-7f3f7c000000 ---p 00000000 00:00 0 
7f3f7c000000-7f3f7d5b1000 rw-p 00000000 00:00 0 
7f3f7d5b1000-7f3f80000000 ---p 00000000 00:00 0 
7f3f80000000-7f3f80021000 rw-p 00000000 00:00 0 
7f3f80021000-7f3f84000000 ---p 00000000 00:00 0 
7f3f84000000-7f3f84021000 rw-p 00000000 00:00 0 
7f3f84021000-7f3f88000000 ---p 00000000 00:00 0 
7f3f88000000-7f3f88021000 rw-p 00000000 00:00 0 
7f3f88021000-7f3f8c000000 ---p 00000000 00:00 0 
7f3f8c000000-7f3f8c021000 rw-p 00000000 00:00 0 
7f3f8c021000-7f3f90000000 ---p 00000000 00:00 0 
7f3f90000000-7f3f90021000 rw-p 00000000 00:00 0 
7f3f90021000-7f3f94000000 ---p 00000000 00:00 0 
7f3f94000000-7f3f94021000 rw-p 00000000 00:00 0 
7f3f94021000-7f3f98000000 ---p 00000000 00:00 0 
7f3f98000000-7f3f981f0000 rw-p 00000000 00:00 0 
7f3f981f0000-7f3f98400000 ---p 00000000 00:00 0 
7f3f98400000-7f3f98aa0000 rw-p 00000000 00:00 0 
7f3f98aa0000-7f3f9c000000 ---p 00000000 00:00 0 
7f3f9c000000-7f3f9c021000 rw-p 00000000 00:00 0 
7f3f9c021000-7f3fa0000000 ---p 00000000 00:00 0 
7f3fa0ef8000-7f3fa0efc000 ---p 00000000 00:00 0 
7f3fa0efc000-7f3fa0ff8000 rw-p 00000000 00:00 0 
7f3fa0ff8000-7f3fa0ff9000 ---p 00000000 00:00 0 
7f3fa0ff9000-7f3fa10fa000 rw-p 00000000 00:00 0 
7f3fa10fa000-7f3fa10fb000 ---p 00000000 00:00 0 
7f3fa10fb000-7f3fa11fc000 rw-p 00000000 00:00 0 
7f3fa11fc000-7f3fa11fd000 ---p 00000000 00:00 0 
7f3fa11fd000-7f3fa12fe000 rw-p 00000000 00:00 0 
7f3fa12fe000-7f3fa12ff000 ---p 00000000 00:00 0 
7f3fa12ff000-7f3fa1400000 rw-p 00000000 00:00 0 
7f3fa1400000-7f3fa1404000 ---p 00000000 00:00 0 
7f3fa1404000-7f3fa1500000 rw-p 00000000 00:00 0 
7f3fa1500000-7f3fa1504000 ---p 00000000 00:00 0 
7f3fa1504000-7f3fa1600000 rw-p 00000000 00:00 0 
7f3fa1600000-7f3fa1e02000 r--p 00000000 08:03 57673299                   /usr/lib/locale/locale-archive
7f3fa1f00000-7f3fa1f04000 ---p 00000000 00:00 0 
7f3fa1f04000-7f3fa4021000 rw-p 00000000 00:00 0 
7f3fa4021000-7f3fa8000000 ---p 00000000 00:00 0 
7f3fa8000000-7f3fa8021000 rw-p 00000000 00:00 0 
7f3fa8021000-7f3fac000000 ---p 00000000 00:00 0 
7f3fac000000-7f3fac021000 rw-p 00000000 00:00 0 
7f3fac021000-7f3fb0000000 ---p 00000000 00:00 0 
7f3fb00fe000-7f3fb0102000 ---p 00000000 00:00 0 
7f3fb0102000-7f3fb01fe000 rw-p 00000000 00:00 0 
7f3fb01fe000-7f3fb0202000 ---p 00000000 00:00 0 
7f3fb0202000-7f3fb02fe000 rw-p 00000000 00:00 0 
7f3fb02fe000-7f3fb0302000 ---p 00000000 00:00 0 
7f3fb0302000-7f3fb03fe000 rw-p 00000000 00:00 0 
7f3fb03fe000-7f3fb0402000 ---p 00000000 00:00 0 
7f3fb0402000-7f3fb04fe000 rw-p 00000000 00:00 0 
7f3fb04fe000-7f3fb0502000 ---p 00000000 00:00 0 
7f3fb0502000-7f3fb05fe000 rw-p 00000000 00:00 0 
7f3fb05fe000-7f3fb0602000 ---p 00000000 00:00 0 
7f3fb0602000-7f3fb06fe000 rw-p 00000000 00:00 0 
7f3fb06fe000-7f3fb06ff000 ---p 00000000 00:00 0 
7f3fb06ff000-7f3fb0800000 rw-p 00000000 00:00 0 
7f3fb0800000-7f3fb0a70000 rwxp 00000000 00:00 0 
7f3fb0a70000-7f3fb7d37000 ---p 00000000 00:00 0 
7f3fb7d37000-7f3fb7fa7000 rwxp 00000000 00:00 0 
7f3fb7fa7000-7f3fb82c8000 ---p 00000000 00:00 0 
7f3fb82c8000-7f3fb8538000 rwxp 00000000 00:00 0 
7f3fb8538000-7f3fbf800000 ---p 00000000 00:00 0 
7f3fbf800000-7f3fc7f71000 r--s 00000000 08:03 57675715                   /usr/lib/jvm/java-21-openjdk-amd64/lib/modules
7f3fc8000000-7f3fc861f000 rw-p 00000000 00:00 0 
7f3fc861f000-7f3fcc000000 ---p 00000000 00:00 0 
7f3fcc073000-7f3fcc078000 r--p 00000000 08:03 57675620                   /usr/lib/jvm/java-21-openjdk-amd64/lib/libjsvml.so
7f3fcc078000-7f3fcc0b9000 r-xp 00005000 08:03 57675620                   /usr/lib/jvm/java-21-openjdk-amd64/lib/libjsvml.so
7f3fcc0b9000-7f3fcc142000 r--p 00046000 08:03 57675620                   /usr/lib/jvm/java-21-openjdk-amd64/lib/libjsvml.so
7f3fcc142000-7f3fcc143000 r--p 000ce000 08:03 57675620                   /usr/lib/jvm/java-21-openjdk-amd64/lib/libjsvml.so
7f3fcc143000-7f3fcc144000 rw-p 000cf000 08:03 57675620                   /usr/lib/jvm/java-21-openjdk-amd64/lib/libjsvml.so
7f3fcc144000-7f3fcc1c5000 rw-p 00000000 00:00 0 
7f3fcc1c5000-7f3fcc1c6000 ---p 00000000 00:00 0 
7f3fcc1c6000-7f3fcc2c7000 rw-p 00000000 00:00 0 
7f3fcc2c7000-7f3fcc2c8000 ---p 00000000 00:00 0 
7f3fcc2c8000-7f3fcc7cd000 rw-p 00000000 00:00 0 
7f3fcc7cd000-7f3fcc7ce000 ---p 00000000 00:00 0 
7f3fcc7ce000-7f3fcc8cf000 rw-p 00000000 00:00 0 
7f3fcc8cf000-7f3fcc8d0000 ---p 00000000 00:00 0 
7f3fcc8d0000-7f3fcc9d1000 rw-p 00000000 00:00 0 
7f3fcc9d1000-7f3fcc9d2000 ---p 00000000 00:00 0 
7f3fcc9d2000-7f3fccd43000 rw-p 00000000 00:00 0 
7f3fccd43000-7f3fcf15b000 ---p 00000000 00:00 0 
7f3fcf15b000-7f3fcf1b9000 rw-p 00000000 00:00 0 
7f3fcf1b9000-7f3fcf63c000 ---p 00000000 00:00 0 
7f3fcf63c000-7f3fcf68c000 rw-p 00000000 00:00 0 
7f3fcf68c000-7f3fcfb0f000 ---p 00000000 00:00 0 
7f3fcfb0f000-7f3fcff1a000 rw-p 00000000 00:00 0 
7f3fcff1a000-7f3fd0000000 ---p 00000000 00:00 0 
7f3fd0000000-7f3fd009c000 r--p 00000000 08:03 57673666                   /usr/lib/x86_64-linux-gnu/libstdc++.so.6.0.32
7f3fd009c000-7f3fd01cd000 r-xp 0009c000 08:03 57673666                   /usr/lib/x86_64-linux-gnu/libstdc++.so.6.0.32
7f3fd01cd000-7f3fd025a000 r--p 001cd000 08:03 57673666                   /usr/lib/x86_64-linux-gnu/libstdc++.so.6.0.32
7f3fd025a000-7f3fd0265000 r--p 0025a000 08:03 57673666                   /usr/lib/x86_64-linux-gnu/libstdc++.so.6.0.32
7f3fd0265000-7f3fd0268000 rw-p 00265000 08:03 57673666                   /usr/lib/x86_64-linux-gnu/libstdc++.so.6.0.32
7f3fd0268000-7f3fd026c000 rw-p 00000000 00:00 0 
7f3fd02ba000-7f3fd031a000 rw-p 00000000 00:00 0 
7f3fd031a000-7f3fd0400000 ---p 00000000 00:00 0 
7f3fd0400000-7f3fd068c000 r--p 00000000 08:03 57675722                   /usr/lib/jvm/java-21-openjdk-amd64/lib/server/libjvm.so
7f3fd068c000-7f3fd1453000 r-xp 0028c000 08:03 57675722                   /usr/lib/jvm/java-21-openjdk-amd64/lib/server/libjvm.so
7f3fd1453000-7f3fd16fb000 r--p 01053000 08:03 57675722                   /usr/lib/jvm/java-21-openjdk-amd64/lib/server/libjvm.so
7f3fd16fb000-7f3fd17c7000 r--p 012fb000 08:03 57675722                   /usr/lib/jvm/java-21-openjdk-amd64/lib/server/libjvm.so
7f3fd17c7000-7f3fd17fd000 rw-p 013c7000 08:03 57675722                   /usr/lib/jvm/java-21-openjdk-amd64/lib/server/libjvm.so
7f3fd17fd000-7f3fd185d000 rw-p 00000000 00:00 0 
7f3fd1882000-7f3fd18c3000 rw-p 00000000 00:00 0 
7f3fd18dc000-7f3fd18df000 r--p 00000000 08:03 57675657                   /usr/lib/jvm/java-21-openjdk-amd64/lib/libnet.so
7f3fd18df000-7f3fd18e6000 r-xp 00003000 08:03 57675657                   /usr/lib/jvm/java-21-openjdk-amd64/lib/libnet.so
7f3fd18e6000-7f3fd18e8000 r--p 0000a000 08:03 57675657                   /usr/lib/jvm/java-21-openjdk-amd64/lib/libnet.so
7f3fd18e8000-7f3fd18e9000 r--p 0000b000 08:03 57675657                   /usr/lib/jvm/java-21-openjdk-amd64/lib/libnet.so
7f3fd18e9000-7f3fd18ea000 rw-p 0000c000 08:03 57675657                   /usr/lib/jvm/java-21-openjdk-amd64/lib/libnet.so
7f3fd18ea000-7f3fd18f1000 r--p 00000000 08:03 57675658                   /usr/lib/jvm/java-21-openjdk-amd64/lib/libnio.so
7f3fd18f1000-7f3fd18fa000 r-xp 00007000 08:03 57675658                   /usr/lib/jvm/java-21-openjdk-amd64/lib/libnio.so
7f3fd18fa000-7f3fd18fe000 r--p 00010000 08:03 57675658                   /usr/lib/jvm/java-21-openjdk-amd64/lib/libnio.so
7f3fd18fe000-7f3fd18ff000 r--p 00014000 08:03 57675658                   /usr/lib/jvm/java-21-openjdk-amd64/lib/libnio.so
7f3fd18ff000-7f3fd1900000 rw-p 00015000 08:03 57675658                   /usr/lib/jvm/java-21-openjdk-amd64/lib/libnio.so
7f3fd1900000-7f3fd1904000 ---p 00000000 00:00 0 
7f3fd1904000-7f3fd1a00000 rw-p 00000000 00:00 0 
7f3fd1a00000-7f3fd1a22000 r--p 00000000 08:03 57682533                   /usr/lib/x86_64-linux-gnu/libc.so.6
7f3fd1a22000-7f3fd1b9a000 r-xp 00022000 08:03 57682533                   /usr/lib/x86_64-linux-gnu/libc.so.6
7f3fd1b9a000-7f3fd1bf2000 r--p 0019a000 08:03 57682533                   /usr/lib/x86_64-linux-gnu/libc.so.6
7f3fd1bf2000-7f3fd1bf6000 r--p 001f1000 08:03 57682533                   /usr/lib/x86_64-linux-gnu/libc.so.6
7f3fd1bf6000-7f3fd1bf8000 rw-p 001f5000 08:03 57682533                   /usr/lib/x86_64-linux-gnu/libc.so.6
7f3fd1bf8000-7f3fd1c05000 rw-p 00000000 00:00 0 
7f3fd1c07000-7f3fd1c0e000 r--s 00000000 08:03 58332826                   /usr/lib/x86_64-linux-gnu/gconv/gconv-modules.cache
7f3fd1c0e000-7f3fd1c3d000 rw-p 00000000 00:00 0 
7f3fd1c3d000-7f3fd1c44000 ---p 00000000 00:00 0 
7f3fd1c44000-7f3fd1c51000 r--p 00000000 08:03 57675613                   /usr/lib/jvm/java-21-openjdk-amd64/lib/libjava.so
7f3fd1c51000-7f3fd1c64000 r-xp 0000d000 08:03 57675613                   /usr/lib/jvm/java-21-openjdk-amd64/lib/libjava.so
7f3fd1c64000-7f3fd1c6a000 r--p 00020000 08:03 57675613                   /usr/lib/jvm/java-21-openjdk-amd64/lib/libjava.so
7f3fd1c6a000-7f3fd1c6b000 r--p 00026000 08:03 57675613                   /usr/lib/jvm/java-21-openjdk-amd64/lib/libjava.so
7f3fd1c6b000-7f3fd1c6c000 rw-p 00027000 08:03 57675613                   /usr/lib/jvm/java-21-openjdk-amd64/lib/libjava.so
7f3fd1c6c000-7f3fd1c6d000 rw-p 00000000 00:00 0 
7f3fd1c6d000-7f3fd1c70000 r--p 00000000 08:03 57673658                   /usr/lib/x86_64-linux-gnu/libgcc_s.so.1
7f3fd1c70000-7f3fd1c8b000 r-xp 00003000 08:03 57673658                   /usr/lib/x86_64-linux-gnu/libgcc_s.so.1
7f3fd1c8b000-7f3fd1c8f000 r--p 0001e000 08:03 57673658                   /usr/lib/x86_64-linux-gnu/libgcc_s.so.1
7f3fd1c8f000-7f3fd1c90000 r--p 00021000 08:03 57673658                   /usr/lib/x86_64-linux-gnu/libgcc_s.so.1
7f3fd1c90000-7f3fd1c91000 rw-p 00022000 08:03 57673658                   /usr/lib/x86_64-linux-gnu/libgcc_s.so.1
7f3fd1c91000-7f3fd1c9f000 r--p 00000000 08:03 57682536                   /usr/lib/x86_64-linux-gnu/libm.so.6
7f3fd1c9f000-7f3fd1d1d000 r-xp 0000e000 08:03 57682536                   /usr/lib/x86_64-linux-gnu/libm.so.6
7f3fd1d1d000-7f3fd1d78000 r--p 0008c000 08:03 57682536                   /usr/lib/x86_64-linux-gnu/libm.so.6
7f3fd1d78000-7f3fd1d79000 r--p 000e6000 08:03 57682536                   /usr/lib/x86_64-linux-gnu/libm.so.6
7f3fd1d79000-7f3fd1d7a000 rw-p 000e7000 08:03 57682536                   /usr/lib/x86_64-linux-gnu/libm.so.6
7f3fd1d7a000-7f3fd1d7d000 rw-p 00000000 00:00 0 
7f3fd1d7d000-7f3fd1d80000 r--p 00000000 08:03 57673858                   /usr/lib/x86_64-linux-gnu/libz.so.1.2.13
7f3fd1d80000-7f3fd1d92000 r-xp 00003000 08:03 57673858                   /usr/lib/x86_64-linux-gnu/libz.so.1.2.13
7f3fd1d92000-7f3fd1d99000 r--p 00015000 08:03 57673858                   /usr/lib/x86_64-linux-gnu/libz.so.1.2.13
7f3fd1d99000-7f3fd1d9a000 r--p 0001b000 08:03 57673858                   /usr/lib/x86_64-linux-gnu/libz.so.1.2.13
7f3fd1d9a000-7f3fd1d9b000 rw-p 0001c000 08:03 57673858                   /usr/lib/x86_64-linux-gnu/libz.so.1.2.13
7f3fd1d9c000-7f3fd1da4000 rw-s 00000000 08:03 26870319                   /tmp/hsperfdata_agustin/228354
7f3fd1da4000-7f3fd1da5000 ---p 00000000 00:00 0 
7f3fd1da5000-7f3fd1da6000 r--p 00000000 00:00 0 
7f3fd1da6000-7f3fd1da7000 ---p 00000000 00:00 0 
7f3fd1da7000-7f3fd1da9000 r--p 00000000 08:03 57675616                   /usr/lib/jvm/java-21-openjdk-amd64/lib/libjimage.so
7f3fd1da9000-7f3fd1dac000 r-xp 00002000 08:03 57675616                   /usr/lib/jvm/java-21-openjdk-amd64/lib/libjimage.so
7f3fd1dac000-7f3fd1dad000 r--p 00005000 08:03 57675616                   /usr/lib/jvm/java-21-openjdk-amd64/lib/libjimage.so
7f3fd1dad000-7f3fd1dae000 r--p 00006000 08:03 57675616                   /usr/lib/jvm/java-21-openjdk-amd64/lib/libjimage.so
7f3fd1dae000-7f3fd1daf000 rw-p 00007000 08:03 57675616                   /usr/lib/jvm/java-21-openjdk-amd64/lib/libjimage.so
7f3fd1daf000-7f3fd1db1000 r--p 00000000 08:03 57675617                   /usr/lib/jvm/java-21-openjdk-amd64/lib/libjli.so
7f3fd1db1000-7f3fd1dbb000 r-xp 00002000 08:03 57675617                   /usr/lib/jvm/java-21-openjdk-amd64/lib/libjli.so
7f3fd1dbb000-7f3fd1dbe000 r--p 0000c000 08:03 57675617                   /usr/lib/jvm/java-21-openjdk-amd64/lib/libjli.so
7f3fd1dbe000-7f3fd1dbf000 r--p 0000e000 08:03 57675617                   /usr/lib/jvm/java-21-openjdk-amd64/lib/libjli.so
7f3fd1dbf000-7f3fd1dc0000 rw-p 0000f000 08:03 57675617                   /usr/lib/jvm/java-21-openjdk-amd64/lib/libjli.so
7f3fd1dc0000-7f3fd1dc2000 rw-p 00000000 00:00 0 
7f3fd1dc2000-7f3fd1dc3000 r--p 00000000 08:03 57682529                   /usr/lib/x86_64-linux-gnu/ld-linux-x86-64.so.2
7f3fd1dc3000-7f3fd1deb000 r-xp 00001000 08:03 57682529                   /usr/lib/x86_64-linux-gnu/ld-linux-x86-64.so.2
7f3fd1deb000-7f3fd1df5000 r--p 00029000 08:03 57682529                   /usr/lib/x86_64-linux-gnu/ld-linux-x86-64.so.2
7f3fd1df5000-7f3fd1df7000 r--p 00033000 08:03 57682529                   /usr/lib/x86_64-linux-gnu/ld-linux-x86-64.so.2
7f3fd1df7000-7f3fd1df9000 rw-p 00035000 08:03 57682529                   /usr/lib/x86_64-linux-gnu/ld-linux-x86-64.so.2
7ffeef096000-7ffeef0b7000 rw-p 00000000 00:00 0                          [stack]
7ffeef0f6000-7ffeef0fa000 r--p 00000000 00:00 0                          [vvar]
7ffeef0fa000-7ffeef0fc000 r-xp 00000000 00:00 0                          [vdso]
ffffffffff600000-ffffffffff601000 --xp 00000000 00:00 0                  [vsyscall]


VM Arguments:
jvm_args: --add-modules=ALL-DEFAULT 
java_command: jdk.compiler/com.sun.tools.javac.launcher.Main Eje8.java
java_class_path (initial): .
Launcher Type: SUN_STANDARD

[Global flags]
     intx CICompilerCount                          = 3                                         {product} {ergonomic}
     uint ConcGCThreads                            = 1                                         {product} {ergonomic}
     uint G1ConcRefinementThreads                  = 4                                         {product} {ergonomic}
   size_t G1HeapRegionSize                         = 2097152                                   {product} {ergonomic}
    uintx GCDrainStackTargetSize                   = 64                                        {product} {ergonomic}
   size_t InitialHeapSize                          = 163577856                                 {product} {ergonomic}
   size_t MarkStackSize                            = 4194304                                   {product} {ergonomic}
   size_t MaxHeapSize                              = 2589982720                                {product} {ergonomic}
   size_t MaxNewSize                               = 1553989632                                {product} {ergonomic}
   size_t MinHeapDeltaBytes                        = 2097152                                   {product} {ergonomic}
   size_t MinHeapSize                              = 8388608                                   {product} {ergonomic}
    uintx NonNMethodCodeHeapSize                   = 5832780                                {pd product} {ergonomic}
    uintx NonProfiledCodeHeapSize                  = 122912730                              {pd product} {ergonomic}
    uintx ProfiledCodeHeapSize                     = 122912730                              {pd product} {ergonomic}
    uintx ReservedCodeCacheSize                    = 251658240                              {pd product} {ergonomic}
     bool SegmentedCodeCache                       = true                                      {product} {ergonomic}
   size_t SoftMaxHeapSize                          = 2589982720                             {manageable} {ergonomic}
     bool UseCompressedClassPointers               = true                           {product lp64_product} {ergonomic}
     bool UseCompressedOops                        = true                           {product lp64_product} {ergonomic}
     bool UseG1GC                                  = true                                      {product} {ergonomic}

Logging:
Log output configuration:
 #0: stdout all=warning uptime,level,tags foldmultilines=false
 #1: stderr all=off uptime,level,tags foldmultilines=false

Environment Variables:
PATH=/usr/local/sbin:/usr/local/bin:/usr/sbin:/usr/bin:/sbin:/bin:/usr/games:/usr/local/games:/snap/bin:/snap/bin
USERNAME=agustin
SHELL=/bin/bash
DISPLAY=:0
LANG=es_ES.UTF-8
LC_NUMERIC=es_AR.UTF-8
LC_TIME=es_AR.UTF-8
TERM=xterm-256color

Active Locale:
LC_ALL=LC_CTYPE=es_ES.UTF-8;LC_NUMERIC=es_AR.UTF-8;LC_TIME=es_AR.UTF-8;LC_COLLATE=es_ES.UTF-8;LC_MONETARY=es_AR.UTF-8;LC_MESSAGES=es_ES.UTF-8;LC_PAPER=es_AR.UTF-8;LC_NAME=es_AR.UTF-8;LC_ADDRESS=es_AR.UTF-8;LC_TELEPHONE=es_AR.UTF-8;LC_MEASUREMENT=es_AR.UTF-8;LC_IDENTIFICATION=es_AR.UTF-8
LC_COLLATE=es_ES.UTF-8
LC_CTYPE=es_ES.UTF-8
LC_MESSAGES=es_ES.UTF-8
LC_MONETARY=es_AR.UTF-8
LC_NUMERIC=es_AR.UTF-8
LC_TIME=es_AR.UTF-8

Signal Handlers:
   SIGSEGV: 0x00007f3fd13d4af0 in libjvm.so+16599792, mask=11100100010111111101111111111110, flags=SA_RESTART|SA_SIGINFO, unblocked
    SIGBUS: 0x00007f3fd13d4af0 in libjvm.so+16599792, mask=11100100010111111101111111111110, flags=SA_RESTART|SA_SIGINFO, unblocked
    SIGFPE: 0x00007f3fd13d4af0 in libjvm.so+16599792, mask=11100100010111111101111111111110, flags=SA_RESTART|SA_SIGINFO, unblocked
   SIGPIPE: 0x00007f3fd123fb50 in libjvm.so+14941008, mask=11100100010111111101111111111110, flags=SA_RESTART|SA_SIGINFO, blocked
   SIGXFSZ: 0x00007f3fd123fb50 in libjvm.so+14941008, mask=11100100010111111101111111111110, flags=SA_RESTART|SA_SIGINFO, blocked
    SIGILL: 0x00007f3fd13d4af0 in libjvm.so+16599792, mask=11100100010111111101111111111110, flags=SA_RESTART|SA_SIGINFO, unblocked
   SIGUSR2: 0x00007f3fd1241250 in libjvm.so+14946896, mask=00000000000000000000000000000000, flags=SA_RESTART|SA_SIGINFO, blocked
    SIGHUP: 0x00007f3fd123f0b0 in libjvm.so+14938288, mask=11100100010111111101111111111110, flags=SA_RESTART|SA_SIGINFO, blocked
    SIGINT: 0x00007f3fd123f0b0 in libjvm.so+14938288, mask=11100100010111111101111111111110, flags=SA_RESTART|SA_SIGINFO, blocked
   SIGTERM: 0x00007f3fd123f0b0 in libjvm.so+14938288, mask=11100100010111111101111111111110, flags=SA_RESTART|SA_SIGINFO, blocked
   SIGQUIT: 0x00007f3fd123f0b0 in libjvm.so+14938288, mask=11100100010111111101111111111110, flags=SA_RESTART|SA_SIGINFO, blocked
   SIGTRAP: 0x00007f3fd13d4af0 in libjvm.so+16599792, mask=11100100010111111101111111111110, flags=SA_RESTART|SA_SIGINFO, unblocked


---------------  S Y S T E M  ---------------

OS:
DISTRIB_ID=Ubuntu
DISTRIB_RELEASE=23.04
DISTRIB_CODENAME=lunar
DISTRIB_DESCRIPTION="Ubuntu 23.04"
uname: Linux 6.2.0-32-generic #32-Ubuntu SMP PREEMPT_DYNAMIC Mon Aug 14 10:03:50 UTC 2023 x86_64
OS uptime: 2 days 6:51 hours
libc: glibc 2.37 NPTL 2.37 
rlimit (soft/hard): STACK 8192k/infinity , CORE 0k/infinity , NPROC 39178/39178 , NOFILE 1048576/1048576 , AS infinity/infinity , CPU infinity/infinity , DATA infinity/infinity , FSIZE infinity/infinity , MEMLOCK 1263664k/1263664k
load average: 0,41 0,80 0,96

/proc/meminfo:
MemTotal:       10109316 kB
MemFree:          344176 kB
MemAvailable:     834636 kB
Buffers:           17028 kB
Cached:           875536 kB
SwapCached:       106872 kB
Active:          2255388 kB
Inactive:        5279560 kB
Active(anon):    1819328 kB
Inactive(anon):  5058336 kB
Active(file):     436060 kB
Inactive(file):   221224 kB
Unevictable:         440 kB
Mlocked:             440 kB
SwapTotal:       2097148 kB
SwapFree:              0 kB
Zswap:                 0 kB
Zswapped:              0 kB
Dirty:               264 kB
Writeback:             0 kB
AnonPages:       6536644 kB
Mapped:           639836 kB
Shmem:            235272 kB
KReclaimable:     125700 kB
Slab:             329748 kB
SReclaimable:     125700 kB
SUnreclaim:       204048 kB
KernelStack:       45200 kB
PageTables:        98932 kB
SecPageTables:         0 kB
NFS_Unstable:          0 kB
Bounce:                0 kB
WritebackTmp:          0 kB
CommitLimit:     7151804 kB
Committed_AS:   28347540 kB
VmallocTotal:   34359738367 kB
VmallocUsed:      711176 kB
VmallocChunk:          0 kB
Percpu:            19008 kB
HardwareCorrupted:     0 kB
AnonHugePages:         0 kB
ShmemHugePages:        0 kB
ShmemPmdMapped:        0 kB
FileHugePages:         0 kB
FilePmdMapped:         0 kB
HugePages_Total:       0
HugePages_Free:        0
HugePages_Rsvd:        0
HugePages_Surp:        0
Hugepagesize:       2048 kB
Hugetlb:               0 kB
DirectMap4k:     1737748 kB
DirectMap2M:     8685568 kB
DirectMap1G:     1048576 kB

/sys/kernel/mm/transparent_hugepage/enabled: always [madvise] never
/sys/kernel/mm/transparent_hugepage/defrag (defrag/compaction efforts parameter): always defer defer+madvise [madvise] never

Process Memory:
Virtual Size: 5572508K (peak: 5572508K)
Resident Set Size: 96268K (peak: 108332K) (anon: 56972K, file: 39296K, shmem: 0K)
Swapped out: 0K
C-Heap outstanding allocations: 15342K, retained: 16049K
glibc malloc tunables: (default)

/proc/sys/kernel/threads-max (system-wide limit on the number of threads): 78357
/proc/sys/vm/max_map_count (maximum number of memory map areas a process may have): 65530
/proc/sys/kernel/pid_max (system-wide limit on number of process identifiers): 4194304

container (cgroup) information:
container_type: cgroupv2
cpu_cpuset_cpus: not supported
cpu_memory_nodes: not supported
active_processor_count: 4
cpu_quota: not supported
cpu_period: not supported
cpu_shares: not supported
memory_limit_in_bytes: unlimited
memory_and_swap_limit_in_bytes: unlimited
memory_soft_limit_in_bytes: unlimited
memory_usage_in_bytes: 66740 k
memory_max_usage_in_bytes: not supported
memory_swap_current_in_bytes: unlimited
memory_swap_max_limit_in_bytes: unlimited
maximum number of tasks: 11753
current number of tasks: 22

Steal ticks since vm start: 0
Steal ticks percentage since vm start:  0,000

CPU: total 16 (initial active 4) (4 cores per cpu, 2 threads per core) family 23 model 24 stepping 1 microcode 0x8108109, cx8, cmov, fxsr, ht, mmx, 3dnowpref, sse, sse2, sse3, ssse3, sse4a, sse4.1, sse4.2, popcnt, lzcnt, tsc, tscinvbit, avx, avx2, aes, clmul, bmi1, bmi2, adx, sha, fma, vzeroupper, clflush, clflushopt, rdtscp, f16c
CPU Model and flags from /proc/cpuinfo:
model name	: AMD Ryzen 3 3200U with Radeon Vega Mobile Gfx
flags		: fpu vme de pse tsc msr pae mce cx8 apic sep mtrr pge mca cmov pat pse36 clflush mmx fxsr sse sse2 ht syscall nx mmxext fxsr_opt pdpe1gb rdtscp lm constant_tsc rep_good nopl nonstop_tsc cpuid extd_apicid aperfmperf rapl pni pclmulqdq monitor ssse3 fma cx16 sse4_1 sse4_2 movbe popcnt aes xsave avx f16c rdrand lahf_lm cmp_legacy svm extapic cr8_legacy abm sse4a misalignsse 3dnowprefetch osvw skinit wdt tce topoext perfctr_core perfctr_nb bpext perfctr_llc mwaitx cpb hw_pstate ssbd ibpb vmmcall fsgsbase bmi1 avx2 smep bmi2 rdseed adx smap clflushopt sha_ni xsaveopt xsavec xgetbv1 clzero irperf xsaveerptr arat npt lbrv svm_lock nrip_save tsc_scale vmcb_clean flushbyasid decodeassists pausefilter pfthreshold avic v_vmsave_vmload vgif overflow_recov succor smca sev sev_es

Online cpus: 0-3
Offline cpus: 4-15
BIOS frequency limitation: 2600000
Frequency switch latency (ns): 0
Available cpu frequencies: 2600000 1700000 1400000 
Current governor: schedutil
Core performance/turbo boost: 1

Memory: 4k page, physical 10109316k(344176k free), swap 2097148k(0k free)
Page Sizes: 4k

vm_info: OpenJDK 64-Bit Server VM (21-ea+14-Ubuntu-0ubuntu1) for linux-amd64 JRE (21-ea+14-Ubuntu-0ubuntu1), built on 2023-03-17T00:31:13Z by "buildd" with gcc 12.2.0

END.
