#
# A fatal error has been detected by the Java Runtime Environment:
#
#  SIGFPE (0x8) at pc=0x00007f251228b774 (sent by kill), pid=73534, tid=73534
#
# JRE version: OpenJDK Runtime Environment (21.0+14) (build 21-ea+14-Ubuntu-0ubuntu1)
# Java VM: OpenJDK 64-Bit Server VM (21-ea+14-Ubuntu-0ubuntu1, mixed mode, sharing, tiered, compressed oops, compressed class ptrs, g1 gc, linux-amd64)
# Problematic frame:
# C  [libc.so.6+0x8b774]
#
# Core dump will be written. Default location: Core dumps may be processed with "/usr/share/apport/apport -p%p -s%s -c%c -d%d -P%P -u%u -g%g -- %E" (or dumping to /home/agustin/eclipse-workspace /SO2023/src/tp1/core.73534)
#
# If you would like to submit a bug report, please visit:
#   Unknown
#

---------------  S U M M A R Y ------------

Command Line: --add-modules=ALL-DEFAULT jdk.compiler/com.sun.tools.javac.launcher.Main Eje5a.java 2

Host: AMD Ryzen 3 3200U with Radeon Vega Mobile Gfx, 16 cores, 9G, Ubuntu 23.04
Time: Sat Sep 16 20:11:58 2023 -03 elapsed time: 25.535202 seconds (0d 0h 0m 25s)

---------------  T H R E A D  ---------------

Current thread is native thread

Stack: [0x00007ffd37be0000,0x00007ffd383de000],  sp=0x00007ffd383d9050,  free space=8164k
Native frames: (J=compiled Java code, j=interpreted, Vv=VM code, C=native code)
C  [libc.so.6+0x8b774]

siginfo: si_signo: 8 (SIGFPE), si_code: 0 (SI_USER), si_pid: 71560, si_uid: 1000

Registers:
RAX=0x00000000000000ca, RBX=0x00007f2510bff6c0, RCX=0x00007f251228b776, RDX=0x0000000000011f3f
RSP=0x00007ffd383d9050, RBP=0x0000000000000000, RSI=0x0000000000000109, RDI=0x00007f2510bff990
R8 =0x0000000000000000, R9 =0x00000000ffffffff, R10=0x0000000000000000, R11=0x0000000000000246
R12=0x0000000000011f3f, R13=0x00007ffd383d9118, R14=0x00007f2510bff990, R15=0x00007ffd383d90a0
RIP=0x00007f251228b774, EFLAGS=0x0000000000000246, CSGSFS=0x002b000000000033, ERR=0x0000000000000000
  TRAPNO=0x0000000000000000


Top of Stack: (sp=0x00007ffd383d9050)
0x00007ffd383d9050:   00007ffd383d9187 000001092cd39952
0x00007ffd383d9060:   00007f2510bff990 0000000000000000
0x00007ffd383d9070:   00007f2510bff6c0 0000000000000000
0x00007ffd383d9080:   0000000000000000 00007f2512290c73
0x00007ffd383d9090:   0cfccda82fb39952 0d4c994246799952
0x00007ffd383d90a0:   00007f2512290b20 00007f2510bffce0
0x00007ffd383d90b0:   0000000000000000 0000000000000000
0x00007ffd383d90c0:   ffffffff00000000 7ff04a408fb78500
0x00007ffd383d90d0:   000055cb0dc516d1 00007ffd383d9120
0x00007ffd383d90e0:   00007ffd383d9180 0000000000100000
0x00007ffd383d90f0:   00007ffd383d91a0 0000000000000004
0x00007ffd383d9100:   000055cb0dc50578 00007f251247ec23
0x00007ffd383d9110:   00007f2510bff6c0 0000000000000002
0x00007ffd383d9120:   0000000000000000 0000000000000000
0x00007ffd383d9130:   0000000000000000 0000000000000000
0x00007ffd383d9140:   0000000000100000 0000000000000000
0x00007ffd383d9150:   0000000000000000 0000000000000000
0x00007ffd383d9160:   00007ffd383d91e0 00007ffd383d92c0
0x00007ffd383d9170:   00007f2512482f38 0000000000000000
0x00007ffd383d9180:   00007ffd383d9230 00007f251247bda1
0x00007ffd383d9190:   0000000200000001 00007ffd383d91a0
0x00007ffd383d91a0:   0000000000000002 000055cb0dc50578
0x00007ffd383d91b0:   0000000000000004 00007f2512482f38
0x00007ffd383d91c0:   00007f251158ee50 00007f251157aa10
0x00007ffd383d91d0:   00007f251157aa50 0000000000000000
0x00007ffd383d91e0:   0000000000000000 0000000000000000
0x00007ffd383d91f0:   0000000000000000 0000000000000000
0x00007ffd383d9200:   00007ffd383d9240 000055cb0dc50310
0x00007ffd383d9210:   00007f2512482f38 0000000000000001
0x00007ffd383d9220:   0000000000000002 000055cb0dc50578
0x00007ffd383d9230:   00007ffd383dd310 00007f251247c98f
0x00007ffd383d9240:   0000000000000000 00007f251247c95a 

Instructions: (pc=0x00007f251228b774)
0x00007f251228b674:   00 c3 66 2e 0f 1f 84 00 00 00 00 00 48 83 39 00
0x00007f251228b684:   79 88 b8 6e 00 00 00 c3 0f 1f 40 00 f3 0f 1e fa
0x00007f251228b694:   41 54 41 89 f4 55 53 48 83 ec 20 48 85 c9 0f 85
0x00007f251228b6a4:   e0 00 00 00 83 fa 01 77 7b c1 e2 08 89 d6 81 f6
0x00007f251228b6b4:   00 01 00 00 40 80 ce 89 44 31 c6 80 3d 12 2f 17
0x00007f251228b6c4:   00 00 74 78 41 b9 ff ff ff ff 45 31 c0 49 89 ca
0x00007f251228b6d4:   44 89 e2 b8 ca 00 00 00 0f 05 48 89 c3 89 d8 85
0x00007f251228b6e4:   db 7f 13 83 fb ea 7c 24 83 c3 16 ba 01 08 44 00
0x00007f251228b6f4:   48 0f a3 da 72 20 48 8d 3d 77 f6 12 00 e8 7a 80
0x00007f251228b704:   ff ff 66 2e 0f 1f 84 00 00 00 00 00 83 fb 92 74
0x00007f251228b714:   05 83 fb b5 75 e0 f7 d8 48 83 c4 20 5b 5d 41 5c
0x00007f251228b724:   c3 0f 1f 00 48 83 c4 20 b8 16 00 00 00 5b 5d 41
0x00007f251228b734:   5c c3 66 2e 0f 1f 84 00 00 00 00 00 48 89 7c 24
0x00007f251228b744:   10 89 74 24 0c 48 89 4c 24 18 e8 1d f8 ff ff 4c
0x00007f251228b754:   8b 54 24 18 45 31 c0 44 89 e2 89 c5 8b 74 24 0c
0x00007f251228b764:   48 8b 7c 24 10 41 b9 ff ff ff ff b8 ca 00 00 00
0x00007f251228b774:   0f 05 89 ef 48 89 c3 e8 70 f8 ff ff e9 5c ff ff
0x00007f251228b784:   ff 0f 1f 00 48 83 39 00 0f 89 16 ff ff ff b8 6e
0x00007f251228b794:   00 00 00 eb 83 0f 1f 80 00 00 00 00 f3 0f 1e fa
0x00007f251228b7a4:   49 89 d2 85 f6 75 4d 80 f1 86 89 ce 31 d2 b8 ca
0x00007f251228b7b4:   00 00 00 0f 05 83 f8 da 74 4a 83 f8 92 74 2d 8d
0x00007f251228b7c4:   50 23 83 fa 23 77 10 48 b9 01 20 00 81 09 00 00
0x00007f251228b7d4:   00 48 0f a3 d1 72 15 50 48 8d 3d 95 f5 12 00 e8
0x00007f251228b7e4:   98 7f ff ff 0f 1f 84 00 00 00 00 00 f7 d8 c3 0f
0x00007f251228b7f4:   1f 44 00 00 89 ce 40 80 f6 8d 48 85 d2 75 ad eb
0x00007f251228b804:   a6 0f 1f 00 b8 16 00 00 00 c3 66 90 f3 0f 1e fa
0x00007f251228b814:   64 48 8b 04 25 10 00 00 00 64 48 8b 14 25 f8 02
0x00007f251228b824:   00 00 48 89 57 18 48 8d 90 08 03 00 00 8b 80 08
0x00007f251228b834:   03 00 00 a8 02 75 15 d1 f8 83 e0 01 89 47 10 64
0x00007f251228b844:   48 89 3c 25 f8 02 00 00 c3 0f 1f 00 89 c1 83 e1
0x00007f251228b854:   fd f0 0f b1 0a 74 e0 eb f3 0f 1f 00 f3 0f 1e fa
0x00007f251228b864:   64 48 8b 14 25 10 00 00 00 48 8b 47 18 64 48 89 



---------------  P R O C E S S  ---------------

VM state: not at safepoint (normal execution)

VM Mutex/Monitor currently owned by a thread: None

Heap address: 0x0000000765a00000, size: 2470 MB, Compressed Oops mode: Zero based, Oop shift amount: 3

CDS archive(s) mapped at: [0x0000000800000000-0x0000000800c95000-0x0000000800c95000), size 13193216, SharedBaseAddress: 0x0000000800000000, ArchiveRelocationMode: 0.
Compressed class space mapped at: 0x0000000801000000-0x0000000841000000, reserved size: 1073741824
Narrow klass base: 0x0000000800000000, Narrow klass shift: 0, Narrow klass range: 0x100000000

GC Precious Log:
<Skipped>

Heap:
 garbage-first heap   total 163840K, used 11820K [0x0000000765a00000, 0x0000000800000000)
  region size 2048K, 4 young (8192K), 1 survivors (2048K)
 Metaspace       used 10034K, committed 10304K, reserved 1114112K
  class space    used 1167K, committed 1280K, reserved 1048576K

Heap Regions: E=young(eden), S=young(survivor), O=old, HS=humongous(starts), HC=humongous(continues), CS=collection set, F=free, OA=open archive, CA=closed archive, TAMS=top-at-mark-start, PB=parsable bottom
|   0|0x0000000765a00000, 0x0000000765c00000, 0x0000000765c00000|100%| O|  |TAMS 0x0000000765a00000| PB 0x0000000765a00000| Untracked 
|   1|0x0000000765c00000, 0x0000000765d22e00, 0x0000000765e00000| 56%| O|  |TAMS 0x0000000765c00000| PB 0x0000000765c00000| Untracked 
|   2|0x0000000765e00000, 0x0000000765e00000, 0x0000000766000000|  0%| F|  |TAMS 0x0000000765e00000| PB 0x0000000765e00000| Untracked 
|   3|0x0000000766000000, 0x0000000766000000, 0x0000000766200000|  0%| F|  |TAMS 0x0000000766000000| PB 0x0000000766000000| Untracked 
|   4|0x0000000766200000, 0x0000000766200000, 0x0000000766400000|  0%| F|  |TAMS 0x0000000766200000| PB 0x0000000766200000| Untracked 
|   5|0x0000000766400000, 0x0000000766400000, 0x0000000766600000|  0%| F|  |TAMS 0x0000000766400000| PB 0x0000000766400000| Untracked 
|   6|0x0000000766600000, 0x0000000766600000, 0x0000000766800000|  0%| F|  |TAMS 0x0000000766600000| PB 0x0000000766600000| Untracked 
|   7|0x0000000766800000, 0x0000000766800000, 0x0000000766a00000|  0%| F|  |TAMS 0x0000000766800000| PB 0x0000000766800000| Untracked 
|   8|0x0000000766a00000, 0x0000000766a00000, 0x0000000766c00000|  0%| F|  |TAMS 0x0000000766a00000| PB 0x0000000766a00000| Untracked 
|   9|0x0000000766c00000, 0x0000000766c00000, 0x0000000766e00000|  0%| F|  |TAMS 0x0000000766c00000| PB 0x0000000766c00000| Untracked 
|  10|0x0000000766e00000, 0x0000000766e00000, 0x0000000767000000|  0%| F|  |TAMS 0x0000000766e00000| PB 0x0000000766e00000| Untracked 
|  11|0x0000000767000000, 0x0000000767000000, 0x0000000767200000|  0%| F|  |TAMS 0x0000000767000000| PB 0x0000000767000000| Untracked 
|  12|0x0000000767200000, 0x0000000767200000, 0x0000000767400000|  0%| F|  |TAMS 0x0000000767200000| PB 0x0000000767200000| Untracked 
|  13|0x0000000767400000, 0x0000000767400000, 0x0000000767600000|  0%| F|  |TAMS 0x0000000767400000| PB 0x0000000767400000| Untracked 
|  14|0x0000000767600000, 0x0000000767600000, 0x0000000767800000|  0%| F|  |TAMS 0x0000000767600000| PB 0x0000000767600000| Untracked 
|  15|0x0000000767800000, 0x0000000767800000, 0x0000000767a00000|  0%| F|  |TAMS 0x0000000767800000| PB 0x0000000767800000| Untracked 
|  16|0x0000000767a00000, 0x0000000767a00000, 0x0000000767c00000|  0%| F|  |TAMS 0x0000000767a00000| PB 0x0000000767a00000| Untracked 
|  17|0x0000000767c00000, 0x0000000767c00000, 0x0000000767e00000|  0%| F|  |TAMS 0x0000000767c00000| PB 0x0000000767c00000| Untracked 
|  18|0x0000000767e00000, 0x0000000767e00000, 0x0000000768000000|  0%| F|  |TAMS 0x0000000767e00000| PB 0x0000000767e00000| Untracked 
|  19|0x0000000768000000, 0x0000000768000000, 0x0000000768200000|  0%| F|  |TAMS 0x0000000768000000| PB 0x0000000768000000| Untracked 
|  20|0x0000000768200000, 0x0000000768200000, 0x0000000768400000|  0%| F|  |TAMS 0x0000000768200000| PB 0x0000000768200000| Untracked 
|  21|0x0000000768400000, 0x0000000768400000, 0x0000000768600000|  0%| F|  |TAMS 0x0000000768400000| PB 0x0000000768400000| Untracked 
|  22|0x0000000768600000, 0x0000000768600000, 0x0000000768800000|  0%| F|  |TAMS 0x0000000768600000| PB 0x0000000768600000| Untracked 
|  23|0x0000000768800000, 0x0000000768800000, 0x0000000768a00000|  0%| F|  |TAMS 0x0000000768800000| PB 0x0000000768800000| Untracked 
|  24|0x0000000768a00000, 0x0000000768a00000, 0x0000000768c00000|  0%| F|  |TAMS 0x0000000768a00000| PB 0x0000000768a00000| Untracked 
|  25|0x0000000768c00000, 0x0000000768c00000, 0x0000000768e00000|  0%| F|  |TAMS 0x0000000768c00000| PB 0x0000000768c00000| Untracked 
|  26|0x0000000768e00000, 0x0000000768e00000, 0x0000000769000000|  0%| F|  |TAMS 0x0000000768e00000| PB 0x0000000768e00000| Untracked 
|  27|0x0000000769000000, 0x0000000769000000, 0x0000000769200000|  0%| F|  |TAMS 0x0000000769000000| PB 0x0000000769000000| Untracked 
|  28|0x0000000769200000, 0x0000000769200000, 0x0000000769400000|  0%| F|  |TAMS 0x0000000769200000| PB 0x0000000769200000| Untracked 
|  29|0x0000000769400000, 0x0000000769400000, 0x0000000769600000|  0%| F|  |TAMS 0x0000000769400000| PB 0x0000000769400000| Untracked 
|  30|0x0000000769600000, 0x0000000769600000, 0x0000000769800000|  0%| F|  |TAMS 0x0000000769600000| PB 0x0000000769600000| Untracked 
|  31|0x0000000769800000, 0x0000000769800000, 0x0000000769a00000|  0%| F|  |TAMS 0x0000000769800000| PB 0x0000000769800000| Untracked 
|  32|0x0000000769a00000, 0x0000000769a00000, 0x0000000769c00000|  0%| F|  |TAMS 0x0000000769a00000| PB 0x0000000769a00000| Untracked 
|  33|0x0000000769c00000, 0x0000000769c00000, 0x0000000769e00000|  0%| F|  |TAMS 0x0000000769c00000| PB 0x0000000769c00000| Untracked 
|  34|0x0000000769e00000, 0x0000000769e00000, 0x000000076a000000|  0%| F|  |TAMS 0x0000000769e00000| PB 0x0000000769e00000| Untracked 
|  35|0x000000076a000000, 0x000000076a000000, 0x000000076a200000|  0%| F|  |TAMS 0x000000076a000000| PB 0x000000076a000000| Untracked 
|  36|0x000000076a200000, 0x000000076a200000, 0x000000076a400000|  0%| F|  |TAMS 0x000000076a200000| PB 0x000000076a200000| Untracked 
|  37|0x000000076a400000, 0x000000076a400000, 0x000000076a600000|  0%| F|  |TAMS 0x000000076a400000| PB 0x000000076a400000| Untracked 
|  38|0x000000076a600000, 0x000000076a600000, 0x000000076a800000|  0%| F|  |TAMS 0x000000076a600000| PB 0x000000076a600000| Untracked 
|  39|0x000000076a800000, 0x000000076a800000, 0x000000076aa00000|  0%| F|  |TAMS 0x000000076a800000| PB 0x000000076a800000| Untracked 
|  40|0x000000076aa00000, 0x000000076aa00000, 0x000000076ac00000|  0%| F|  |TAMS 0x000000076aa00000| PB 0x000000076aa00000| Untracked 
|  41|0x000000076ac00000, 0x000000076ac00000, 0x000000076ae00000|  0%| F|  |TAMS 0x000000076ac00000| PB 0x000000076ac00000| Untracked 
|  42|0x000000076ae00000, 0x000000076ae00000, 0x000000076b000000|  0%| F|  |TAMS 0x000000076ae00000| PB 0x000000076ae00000| Untracked 
|  43|0x000000076b000000, 0x000000076b000000, 0x000000076b200000|  0%| F|  |TAMS 0x000000076b000000| PB 0x000000076b000000| Untracked 
|  44|0x000000076b200000, 0x000000076b200000, 0x000000076b400000|  0%| F|  |TAMS 0x000000076b200000| PB 0x000000076b200000| Untracked 
|  45|0x000000076b400000, 0x000000076b400000, 0x000000076b600000|  0%| F|  |TAMS 0x000000076b400000| PB 0x000000076b400000| Untracked 
|  46|0x000000076b600000, 0x000000076b600000, 0x000000076b800000|  0%| F|  |TAMS 0x000000076b600000| PB 0x000000076b600000| Untracked 
|  47|0x000000076b800000, 0x000000076b800000, 0x000000076ba00000|  0%| F|  |TAMS 0x000000076b800000| PB 0x000000076b800000| Untracked 
|  48|0x000000076ba00000, 0x000000076ba00000, 0x000000076bc00000|  0%| F|  |TAMS 0x000000076ba00000| PB 0x000000076ba00000| Untracked 
|  49|0x000000076bc00000, 0x000000076bc00000, 0x000000076be00000|  0%| F|  |TAMS 0x000000076bc00000| PB 0x000000076bc00000| Untracked 
|  50|0x000000076be00000, 0x000000076be00000, 0x000000076c000000|  0%| F|  |TAMS 0x000000076be00000| PB 0x000000076be00000| Untracked 
|  51|0x000000076c000000, 0x000000076c000000, 0x000000076c200000|  0%| F|  |TAMS 0x000000076c000000| PB 0x000000076c000000| Untracked 
|  52|0x000000076c200000, 0x000000076c200000, 0x000000076c400000|  0%| F|  |TAMS 0x000000076c200000| PB 0x000000076c200000| Untracked 
|  53|0x000000076c400000, 0x000000076c400000, 0x000000076c600000|  0%| F|  |TAMS 0x000000076c400000| PB 0x000000076c400000| Untracked 
|  54|0x000000076c600000, 0x000000076c600000, 0x000000076c800000|  0%| F|  |TAMS 0x000000076c600000| PB 0x000000076c600000| Untracked 
|  55|0x000000076c800000, 0x000000076c800000, 0x000000076ca00000|  0%| F|  |TAMS 0x000000076c800000| PB 0x000000076c800000| Untracked 
|  56|0x000000076ca00000, 0x000000076ca00000, 0x000000076cc00000|  0%| F|  |TAMS 0x000000076ca00000| PB 0x000000076ca00000| Untracked 
|  57|0x000000076cc00000, 0x000000076cc00000, 0x000000076ce00000|  0%| F|  |TAMS 0x000000076cc00000| PB 0x000000076cc00000| Untracked 
|  58|0x000000076ce00000, 0x000000076ce00000, 0x000000076d000000|  0%| F|  |TAMS 0x000000076ce00000| PB 0x000000076ce00000| Untracked 
|  59|0x000000076d000000, 0x000000076d000000, 0x000000076d200000|  0%| F|  |TAMS 0x000000076d000000| PB 0x000000076d000000| Untracked 
|  60|0x000000076d200000, 0x000000076d200000, 0x000000076d400000|  0%| F|  |TAMS 0x000000076d200000| PB 0x000000076d200000| Untracked 
|  61|0x000000076d400000, 0x000000076d400000, 0x000000076d600000|  0%| F|  |TAMS 0x000000076d400000| PB 0x000000076d400000| Untracked 
|  62|0x000000076d600000, 0x000000076d600000, 0x000000076d800000|  0%| F|  |TAMS 0x000000076d600000| PB 0x000000076d600000| Untracked 
|  63|0x000000076d800000, 0x000000076d800000, 0x000000076da00000|  0%| F|  |TAMS 0x000000076d800000| PB 0x000000076d800000| Untracked 
|  64|0x000000076da00000, 0x000000076da00000, 0x000000076dc00000|  0%| F|  |TAMS 0x000000076da00000| PB 0x000000076da00000| Untracked 
|  65|0x000000076dc00000, 0x000000076dc00000, 0x000000076de00000|  0%| F|  |TAMS 0x000000076dc00000| PB 0x000000076dc00000| Untracked 
|  66|0x000000076de00000, 0x000000076de00000, 0x000000076e000000|  0%| F|  |TAMS 0x000000076de00000| PB 0x000000076de00000| Untracked 
|  67|0x000000076e000000, 0x000000076e000000, 0x000000076e200000|  0%| F|  |TAMS 0x000000076e000000| PB 0x000000076e000000| Untracked 
|  68|0x000000076e200000, 0x000000076e200000, 0x000000076e400000|  0%| F|  |TAMS 0x000000076e200000| PB 0x000000076e200000| Untracked 
|  69|0x000000076e400000, 0x000000076e400000, 0x000000076e600000|  0%| F|  |TAMS 0x000000076e400000| PB 0x000000076e400000| Untracked 
|  70|0x000000076e600000, 0x000000076e600000, 0x000000076e800000|  0%| F|  |TAMS 0x000000076e600000| PB 0x000000076e600000| Untracked 
|  71|0x000000076e800000, 0x000000076e800000, 0x000000076ea00000|  0%| F|  |TAMS 0x000000076e800000| PB 0x000000076e800000| Untracked 
|  72|0x000000076ea00000, 0x000000076eb99f00, 0x000000076ec00000| 80%| S|CS|TAMS 0x000000076ea00000| PB 0x000000076ea00000| Complete 
|  73|0x000000076ec00000, 0x000000076ec00000, 0x000000076ee00000|  0%| F|  |TAMS 0x000000076ec00000| PB 0x000000076ec00000| Untracked 
|  74|0x000000076ee00000, 0x000000076ee00000, 0x000000076f000000|  0%| F|  |TAMS 0x000000076ee00000| PB 0x000000076ee00000| Untracked 
|  75|0x000000076f000000, 0x000000076f0d29e8, 0x000000076f200000| 41%| E|  |TAMS 0x000000076f000000| PB 0x000000076f000000| Complete 
|  76|0x000000076f200000, 0x000000076f400000, 0x000000076f400000|100%| E|CS|TAMS 0x000000076f200000| PB 0x000000076f200000| Complete 
|  77|0x000000076f400000, 0x000000076f600000, 0x000000076f600000|100%| E|CS|TAMS 0x000000076f400000| PB 0x000000076f400000| Complete 
|1233|0x00000007ffc00000, 0x00000007ffd796f0, 0x00000007ffe00000| 73%|OA|  |TAMS 0x00000007ffc00000| PB 0x00000007ffc00000| Untracked 
|1234|0x00000007ffe00000, 0x00000007ffe822e8, 0x0000000800000000| 25%|CA|  |TAMS 0x00000007ffe00000| PB 0x00000007ffe00000| Untracked 

Card table byte_map: [0x00007f24f3e5a000,0x00007f24f432d000] _byte_map_base: 0x00007f24f032d000

Marking Bits: (CMBitMap*) 0x00007f250c067b00
 Bits: [0x00007f24f17c2000, 0x00007f24f3e5a000)

Polling page: 0x00007f251246b000

Metaspace:

Usage:
  Non-class:      8,66 MB used.
      Class:      1,14 MB used.
       Both:      9,80 MB used.

Virtual space:
  Non-class space:       64,00 MB reserved,       8,81 MB ( 14%) committed,  1 nodes.
      Class space:        1,00 GB reserved,       1,25 MB ( <1%) committed,  1 nodes.
             Both:        1,06 GB reserved,      10,06 MB ( <1%) committed. 

Chunk freelists:
   Non-Class:  5,31 MB
       Class:  14,74 MB
        Both:  20,05 MB

MaxMetaspaceSize: unlimited
CompressedClassSpaceSize: 1,00 GB
Initial GC threshold: 21,00 MB
Current GC threshold: 21,00 MB
CDS: on
MetaspaceReclaimPolicy: balanced
 - commit_granule_bytes: 65536.
 - commit_granule_words: 8192.
 - virtual_space_node_default_size: 8388608.
 - enlarge_chunks_in_place: 1.
 - use_allocation_guard: 0.


Internal statistics:

num_allocs_failed_limit: 0.
num_arena_births: 158.
num_arena_deaths: 0.
num_vsnodes_births: 2.
num_vsnodes_deaths: 0.
num_space_committed: 161.
num_space_uncommitted: 0.
num_chunks_returned_to_freelist: 0.
num_chunks_taken_from_freelist: 490.
num_chunk_merges: 0.
num_chunk_splits: 342.
num_chunks_enlarged: 256.
num_inconsistent_stats: 0.

CodeHeap 'non-profiled nmethods': size=120032Kb used=546Kb max_used=546Kb free=119486Kb
 bounds [0x00007f24fc2c8000, 0x00007f24fc538000, 0x00007f2503800000]
CodeHeap 'profiled nmethods': size=120028Kb used=2507Kb max_used=2507Kb free=117520Kb
 bounds [0x00007f24f4800000, 0x00007f24f4a80000, 0x00007f24fbd37000]
CodeHeap 'non-nmethods': size=5700Kb used=1412Kb max_used=1457Kb free=4288Kb
 bounds [0x00007f24fbd37000, 0x00007f24fbfa7000, 0x00007f24fc2c8000]
 total_blobs=1906 nmethods=1448 adapters=369
 compilation: enabled
              stopped_count=0, restarted_count=0
 full_count=0

Compilation events (20 events):
Event: 1,111 Thread 0x00007f250c103670 nmethod 1419 0x00007f24fc342b10 code [0x00007f24fc342c80, 0x00007f24fc342df0]
Event: 1,111 Thread 0x00007f250c103670 1301   !   4       com.sun.tools.javac.jvm.PoolReader$ImmutablePoolHelper::readIfNeeded (139 bytes)
Event: 1,119 Thread 0x00007f250c103670 nmethod 1301 0x00007f24fc342e90 code [0x00007f24fc343080, 0x00007f24fc343688]
Event: 1,119 Thread 0x00007f250c103670 1240       4       java.util.regex.Pattern::escape (1327 bytes)
Event: 1,124 Thread 0x00007f250c103670 nmethod 1240 0x00007f24fc343b90 code [0x00007f24fc343d40, 0x00007f24fc344158]
Event: 1,125 Thread 0x00007f250c103670 1291       4       com.sun.tools.javac.jvm.Code::width (42 bytes)
Event: 1,125 Thread 0x00007f250c103670 nmethod 1291 0x00007f24fc344390 code [0x00007f24fc344500, 0x00007f24fc3445a8]
Event: 1,375 Thread 0x00007f24b0106b20 nmethod 1212 0x00007f24fc344690 code [0x00007f24fc344e00, 0x00007f24fc34cd30]
Event: 9,136 Thread 0x00007f250c104c10 1443       3       java.lang.Module::isNamed (13 bytes)
Event: 9,137 Thread 0x00007f250c104c10 nmethod 1443 0x00007f24f4a70e10 code [0x00007f24f4a70fa0, 0x00007f24f4a71108]
Event: 9,137 Thread 0x00007f250c103670 1445       4       jdk.internal.module.SystemModuleFinders$SystemImage::reader (4 bytes)
Event: 9,137 Thread 0x00007f250c104c10 1444       3       java.util.concurrent.ConcurrentHashMap$Traverser::advance (188 bytes)
Event: 9,137 Thread 0x00007f250c103670 nmethod 1445 0x00007f24fc350510 code [0x00007f24fc350680, 0x00007f24fc3506f0]
Event: 9,138 Thread 0x00007f250c104c10 nmethod 1444 0x00007f24f4a71190 code [0x00007f24f4a713e0, 0x00007f24f4a71fd8]
Event: 9,138 Thread 0x00007f250c104c10 1446       3       java.util.concurrent.ConcurrentHashMap$BaseIterator::hasNext (13 bytes)
Event: 9,138 Thread 0x00007f250c104c10 nmethod 1446 0x00007f24f4a72290 code [0x00007f24f4a72420, 0x00007f24f4a72588]
Event: 9,139 Thread 0x00007f250c104c10 1447       3       java.lang.Float::isNaN (12 bytes)
Event: 9,139 Thread 0x00007f250c104c10 nmethod 1447 0x00007f24f4a72610 code [0x00007f24f4a727a0, 0x00007f24f4a72908]
Event: 14,802 Thread 0x00007f250c104c10 1448       3       java.util.concurrent.locks.AbstractQueuedSynchronizer::compareAndSetState (13 bytes)
Event: 14,802 Thread 0x00007f250c104c10 nmethod 1448 0x00007f24f4a72990 code [0x00007f24f4a72b20, 0x00007f24f4a72c40]

GC Heap History (4 events):
Event: 0,624 GC heap before
{Heap before GC invocations=0 (full 0):
 garbage-first heap   total 163840K, used 14318K [0x0000000765a00000, 0x0000000800000000)
  region size 2048K, 6 young (12288K), 0 survivors (0K)
 Metaspace       used 8332K, committed 8576K, reserved 1114112K
  class space    used 941K, committed 1088K, reserved 1048576K
}
Event: 0,631 GC heap after
{Heap after GC invocations=1 (full 0):
 garbage-first heap   total 163840K, used 5214K [0x0000000765a00000, 0x0000000800000000)
  region size 2048K, 1 young (2048K), 1 survivors (2048K)
 Metaspace       used 8332K, committed 8576K, reserved 1114112K
  class space    used 941K, committed 1088K, reserved 1048576K
}
Event: 0,820 GC heap before
{Heap before GC invocations=1 (full 0):
 garbage-first heap   total 163840K, used 15454K [0x0000000765a00000, 0x0000000800000000)
  region size 2048K, 6 young (12288K), 1 survivors (2048K)
 Metaspace       used 8797K, committed 9024K, reserved 1114112K
  class space    used 1005K, committed 1152K, reserved 1048576K
}
Event: 0,826 GC heap after
{Heap after GC invocations=2 (full 0):
 garbage-first heap   total 163840K, used 6881K [0x0000000765a00000, 0x0000000800000000)
  region size 2048K, 1 young (2048K), 1 survivors (2048K)
 Metaspace       used 8797K, committed 9024K, reserved 1114112K
  class space    used 1005K, committed 1152K, reserved 1048576K
}

Dll operation events (5 events):
Event: 0,002 Loaded shared library /usr/lib/jvm/java-21-openjdk-amd64/lib/libjava.so
Event: 0,013 Loaded shared library /usr/lib/jvm/java-21-openjdk-amd64/lib/libjsvml.so
Event: 0,073 Loaded shared library /usr/lib/jvm/java-21-openjdk-amd64/lib/libnio.so
Event: 0,075 Loaded shared library /usr/lib/jvm/java-21-openjdk-amd64/lib/libjimage.so
Event: 0,085 Loaded shared library /usr/lib/jvm/java-21-openjdk-amd64/lib/libnet.so

Deoptimization events (20 events):
Event: 1,078 Thread 0x00007f250c0184d0 Uncommon trap: trap_request=0xffffff45 fr.pc=0x00007f24fc2f1494 relative=0x0000000000000534
Event: 1,078 Thread 0x00007f250c0184d0 Uncommon trap: reason=unstable_if action=reinterpret pc=0x00007f24fc2f1494 method=java.lang.AbstractStringBuilder.inflateIfNeededFor(Ljava/lang/String;)V @ 14 c2
Event: 1,078 Thread 0x00007f250c0184d0 DEOPT PACKING pc=0x00007f24fc2f1494 sp=0x00007f2510bfe240
Event: 1,078 Thread 0x00007f250c0184d0 DEOPT UNPACKING pc=0x00007f24fbda0419 sp=0x00007f2510bfe148 mode 2
Event: 1,078 Thread 0x00007f250c0184d0 Uncommon trap: trap_request=0xffffff45 fr.pc=0x00007f24fc2f0010 relative=0x00000000000000f0
Event: 1,078 Thread 0x00007f250c0184d0 Uncommon trap: reason=unstable_if action=reinterpret pc=0x00007f24fc2f0010 method=java.lang.String.getBytes([BIB)V @ 5 c2
Event: 1,078 Thread 0x00007f250c0184d0 DEOPT PACKING pc=0x00007f24fc2f0010 sp=0x00007f2510bfe170
Event: 1,078 Thread 0x00007f250c0184d0 DEOPT UNPACKING pc=0x00007f24fbda0419 sp=0x00007f2510bfe138 mode 2
Event: 1,078 Thread 0x00007f250c0184d0 Uncommon trap: trap_request=0xffffff45 fr.pc=0x00007f24fc3182c4 relative=0x0000000000000504
Event: 1,078 Thread 0x00007f250c0184d0 Uncommon trap: reason=unstable_if action=reinterpret pc=0x00007f24fc3182c4 method=java.lang.AbstractStringBuilder.isLatin1()Z @ 10 c2
Event: 1,078 Thread 0x00007f250c0184d0 DEOPT PACKING pc=0x00007f24fc3182c4 sp=0x00007f2510bfe2b0
Event: 1,078 Thread 0x00007f250c0184d0 DEOPT UNPACKING pc=0x00007f24fbda0419 sp=0x00007f2510bfe148 mode 2
Event: 1,089 Thread 0x00007f250c0184d0 Uncommon trap: trap_request=0xffffff45 fr.pc=0x00007f24fc31135c relative=0x00000000000000bc
Event: 1,089 Thread 0x00007f250c0184d0 Uncommon trap: reason=unstable_if action=reinterpret pc=0x00007f24fc31135c method=java.lang.String.isLatin1()Z @ 10 c2
Event: 1,089 Thread 0x00007f250c0184d0 DEOPT PACKING pc=0x00007f24fc31135c sp=0x00007f2510bfe240
Event: 1,089 Thread 0x00007f250c0184d0 DEOPT UNPACKING pc=0x00007f24fbda0419 sp=0x00007f2510bfe198 mode 2
Event: 1,090 Thread 0x00007f250c0184d0 Uncommon trap: trap_request=0xffffff45 fr.pc=0x00007f24fc31bb1c relative=0x00000000000001dc
Event: 1,090 Thread 0x00007f250c0184d0 Uncommon trap: reason=unstable_if action=reinterpret pc=0x00007f24fc31bb1c method=java.util.regex.Matcher.reset()Ljava/util/regex/Matcher; @ 47 c2
Event: 1,090 Thread 0x00007f250c0184d0 DEOPT PACKING pc=0x00007f24fc31bb1c sp=0x00007f2510bfe2f0
Event: 1,090 Thread 0x00007f250c0184d0 DEOPT UNPACKING pc=0x00007f24fbda0419 sp=0x00007f2510bfe2a0 mode 2

Classes loaded (20 events):
Event: 9,138 Loading class jdk/internal/logger/LazyLoggers$LoggerAccessor done
Event: 9,138 Loading class jdk/internal/logger/LazyLoggers$LazyLoggerAccessor done
Event: 9,138 Loading class java/lang/System$Logger$Level
Event: 9,138 Loading class java/lang/System$Logger$Level done
Event: 9,138 Loading class jdk/internal/logger/SurrogateLogger
Event: 9,138 Loading class jdk/internal/logger/SimpleConsoleLogger
Event: 9,138 Loading class sun/util/logging/PlatformLogger$ConfigurableBridge$LoggerConfiguration
Event: 9,138 Loading class sun/util/logging/PlatformLogger$ConfigurableBridge$LoggerConfiguration done
Event: 9,138 Loading class jdk/internal/logger/SimpleConsoleLogger done
Event: 9,138 Loading class jdk/internal/logger/SurrogateLogger done
Event: 9,139 Loading class sun/util/logging/PlatformLogger
Event: 9,139 Loading class sun/util/logging/PlatformLogger done
Event: 9,139 Loading class sun/util/logging/PlatformLogger$Level
Event: 9,139 Loading class sun/util/logging/PlatformLogger$Level done
Event: 12,669 Loading class java/util/regex/Matcher$ImmutableMatchResult
Event: 12,669 Loading class java/util/regex/Matcher$ImmutableMatchResult done
Event: 12,669 Loading class jdk/internal/event/ThreadSleepEvent
Event: 12,669 Loading class jdk/internal/event/Event
Event: 12,669 Loading class jdk/internal/event/Event done
Event: 12,669 Loading class jdk/internal/event/ThreadSleepEvent done

Classes unloaded (0 events):
No events

Classes redefined (0 events):
No events

Internal exceptions (20 events):
Event: 0,474 Thread 0x00007f250c0184d0 Exception <a 'java/lang/NoSuchMethodError'{0x000000076ee29c88}: 'java.lang.Object java.lang.invoke.DirectMethodHandle$Holder.invokeSpecial(java.lang.Object, java.lang.Object, java.lang.Object, int, int)'> (0x000000076ee29c88) 
thrown [./src/hotspot/share/interpreter/linkResolver.cpp, line 772]
Event: 0,616 Thread 0x00007f250c0184d0 Exception <a 'java/lang/NoSuchMethodError'{0x000000076eada348}: 'int java.lang.invoke.DirectMethodHandle$Holder.invokeSpecial(java.lang.Object, java.lang.Object, java.lang.Object)'> (0x000000076eada348) 
thrown [./src/hotspot/share/interpreter/linkResolver.cpp, line 772]
Event: 0,681 Thread 0x00007f250c0184d0 Exception <a 'java/lang/NoSuchMethodError'{0x000000076f0c4b08}: 'java.lang.Object java.lang.invoke.DirectMethodHandle$Holder.invokeStatic(java.lang.Object, java.lang.Object, int, int)'> (0x000000076f0c4b08) 
thrown [./src/hotspot/share/interpreter/linkResolver.cpp, line 772]
Event: 0,711 Thread 0x00007f250c0184d0 Exception <a 'java/lang/NoSuchMethodError'{0x000000076ee3f088}: 'java.lang.Object java.lang.invoke.DirectMethodHandle$Holder.invokeInterface(java.lang.Object, java.lang.Object)'> (0x000000076ee3f088) 
thrown [./src/hotspot/share/interpreter/linkResolver.cpp, line 772]
Event: 0,800 Thread 0x00007f250c0184d0 Exception <a 'java/lang/NoSuchMethodError'{0x000000076ed924b0}: 'int java.lang.invoke.DirectMethodHandle$Holder.invokeStatic(java.lang.Object, java.lang.Object, java.lang.Object, java.lang.Object)'> (0x000000076ed924b0) 
thrown [./src/hotspot/share/interpreter/linkResolver.cpp, line 772]
Event: 0,870 Thread 0x00007f250c0184d0 Exception <a 'java/lang/NoSuchMethodError'{0x000000076f50a638}: 'void java.lang.invoke.DirectMethodHandle$Holder.invokeVirtual(java.lang.Object, java.lang.Object)'> (0x000000076f50a638) 
thrown [./src/hotspot/share/interpreter/linkResolver.cpp, line 772]
Event: 0,967 Thread 0x00007f250c0184d0 Exception <a 'java/lang/NoSuchMethodError'{0x000000076f3018d8}: 'java.lang.Object java.lang.invoke.DirectMethodHandle$Holder.invokeStaticInit(java.lang.Object, java.lang.Object, java.lang.Object, java.lang.Object, java.lang.Object, java.lang.Object, java.lang.Object)'> (0x000000076f3018d8) 
thrown [./src/hotspot/share/interpreter/linkResolver.cpp, line 772]
Event: 0,971 Thread 0x00007f250c0184d0 Exception <a 'java/lang/NoSuchMethodError'{0x000000076f30a328}: 'java.lang.Object java.lang.invoke.Invokers$Holder.invoke_MT(java.lang.Object, java.lang.Object, java.lang.Object, java.lang.Object, java.lang.Object, java.lang.Object, java.lang.Object, java.lang.Object, java.lang.Object, java.lang.Object)'> (0x000000076f30a328) 
thrown [./src/hotspot/share/interpreter/linkResolver.cpp, line 772]
Event: 0,976 Thread 0x00007f250c0184d0 Exception <a 'java/lang/NoSuchMethodError'{0x000000076f30fff0}: 'java.lang.Object java.lang.invoke.DirectMethodHandle$Holder.invokeStatic(java.lang.Object, java.lang.Object, int)'> (0x000000076f30fff0) 
thrown [./src/hotspot/share/interpreter/linkResolver.cpp, line 772]
Event: 0,983 Thread 0x00007f250c0184d0 Exception <a 'java/lang/NoSuchMethodError'{0x000000076f3251a8}: 'void java.lang.invoke.DelegatingMethodHandle$Holder.delegate(java.lang.Object, java.lang.Object, int, java.lang.Object)'> (0x000000076f3251a8) 
thrown [./src/hotspot/share/interpreter/linkResolver.cpp, line 772]
Event: 0,995 Thread 0x00007f250c0184d0 Exception <a 'java/lang/NoSuchMethodError'{0x000000076f348890}: 'int java.lang.invoke.DirectMethodHandle$Holder.invokeStaticInit(java.lang.Object, java.lang.Object, java.lang.Object)'> (0x000000076f348890) 
thrown [./src/hotspot/share/interpreter/linkResolver.cpp, line 772]
Event: 0,996 Thread 0x00007f250c0184d0 Exception <a 'java/lang/NoSuchMethodError'{0x000000076f34c1e0}: 'int java.lang.invoke.DirectMethodHandle$Holder.invokeStaticInit(java.lang.Object, int, int)'> (0x000000076f34c1e0) 
thrown [./src/hotspot/share/interpreter/linkResolver.cpp, line 772]
Event: 1,000 Thread 0x00007f250c0184d0 Exception <a 'java/lang/NoSuchMethodError'{0x000000076f353850}: 'int java.lang.invoke.DirectMethodHandle$Holder.invokeStaticInit(java.lang.Object, long, long)'> (0x000000076f353850) 
thrown [./src/hotspot/share/interpreter/linkResolver.cpp, line 772]
Event: 1,005 Thread 0x00007f250c0184d0 Exception <a 'java/lang/NoSuchMethodError'{0x000000076f35a418}: 'int java.lang.invoke.DirectMethodHandle$Holder.invokeStaticInit(java.lang.Object, float, float)'> (0x000000076f35a418) 
thrown [./src/hotspot/share/interpreter/linkResolver.cpp, line 772]
Event: 1,007 Thread 0x00007f250c0184d0 Exception <a 'java/lang/NoSuchMethodError'{0x000000076f361380}: 'int java.lang.invoke.DirectMethodHandle$Holder.invokeStaticInit(java.lang.Object, double, double)'> (0x000000076f361380) 
thrown [./src/hotspot/share/interpreter/linkResolver.cpp, line 772]
Event: 1,009 Thread 0x00007f250c0184d0 Exception <a 'java/lang/NoSuchMethodError'{0x000000076f365af8}: 'int java.lang.invoke.DirectMethodHandle$Holder.invokeStatic(java.lang.Object, long)'> (0x000000076f365af8) 
thrown [./src/hotspot/share/interpreter/linkResolver.cpp, line 772]
Event: 1,015 Thread 0x00007f250c0184d0 Exception <a 'java/lang/NoSuchMethodError'{0x000000076f387a50}: 'int java.lang.invoke.Invokers$Holder.linkToTargetMethod(java.lang.Object, java.lang.Object)'> (0x000000076f387a50) 
thrown [./src/hotspot/share/interpreter/linkResolver.cpp, line 772]
Event: 1,082 Thread 0x00007f250c0184d0 Exception <a 'java/lang/NoSuchMethodError'{0x000000076f019950}: 'java.lang.Object java.lang.invoke.DirectMethodHandle$Holder.invokeStatic(java.lang.Object, long, java.lang.Object)'> (0x000000076f019950) 
thrown [./src/hotspot/share/interpreter/linkResolver.cpp, line 772]
Event: 1,082 Thread 0x00007f250c0184d0 Exception <a 'java/lang/NoSuchMethodError'{0x000000076f01ce28}: 'java.lang.Object java.lang.invoke.DirectMethodHandle$Holder.invokeStaticInit(java.lang.Object, long, java.lang.Object)'> (0x000000076f01ce28) 
thrown [./src/hotspot/share/interpreter/linkResolver.cpp, line 772]
Event: 1,084 Thread 0x00007f250c0184d0 Exception <a 'java/lang/NoSuchMethodError'{0x000000076f0228b0}: 'java.lang.Object java.lang.invoke.DirectMethodHandle$Holder.newInvokeSpecial(java.lang.Object, long)'> (0x000000076f0228b0) 
thrown [./src/hotspot/share/interpreter/linkResolver.cpp, line 772]

VM Operations (20 events):
Event: 0,053 Executing VM operation: HandshakeAllThreads
Event: 0,054 Executing VM operation: HandshakeAllThreads done
Event: 0,178 Executing VM operation: HandshakeAllThreads
Event: 0,178 Executing VM operation: HandshakeAllThreads done
Event: 0,430 Executing VM operation: HandshakeAllThreads
Event: 0,430 Executing VM operation: HandshakeAllThreads done
Event: 0,437 Executing VM operation: HandshakeAllThreads
Event: 0,437 Executing VM operation: HandshakeAllThreads done
Event: 0,624 Executing VM operation: G1CollectForAllocation
Event: 0,631 Executing VM operation: G1CollectForAllocation done
Event: 0,820 Executing VM operation: G1CollectForAllocation
Event: 0,826 Executing VM operation: G1CollectForAllocation done
Event: 1,075 Executing VM operation: HandshakeAllThreads
Event: 1,075 Executing VM operation: HandshakeAllThreads done
Event: 2,075 Executing VM operation: Cleanup
Event: 2,076 Executing VM operation: Cleanup done
Event: 10,076 Executing VM operation: Cleanup
Event: 10,076 Executing VM operation: Cleanup done
Event: 13,076 Executing VM operation: Cleanup
Event: 13,076 Executing VM operation: Cleanup done

Events (20 events):
Event: 0,020 Protecting memory [0x00007f24f0300000,0x00007f24f0304000] with protection modes 0
Event: 0,020 Thread 0x00007f250c1007d0 Thread added: 0x00007f250c1007d0
Event: 0,020 Protecting memory [0x00007f24f0200000,0x00007f24f0204000] with protection modes 0
Event: 0,020 Thread 0x00007f250c101c50 Thread added: 0x00007f250c101c50
Event: 0,020 Protecting memory [0x00007f24f0100000,0x00007f24f0104000] with protection modes 0
Event: 0,020 Thread 0x00007f250c103670 Thread added: 0x00007f250c103670
Event: 0,021 Protecting memory [0x00007f24f0000000,0x00007f24f0004000] with protection modes 0
Event: 0,021 Thread 0x00007f250c104c10 Thread added: 0x00007f250c104c10
Event: 0,021 Protecting memory [0x00007f24e1f00000,0x00007f24e1f04000] with protection modes 0
Event: 0,046 Thread 0x00007f250c18e210 Thread added: 0x00007f250c18e210
Event: 0,046 Protecting memory [0x00007f24e1e00000,0x00007f24e1e04000] with protection modes 0
Event: 0,070 Thread 0x00007f250c1c3750 Thread added: 0x00007f250c1c3750
Event: 0,070 Protecting memory [0x00007f24e1d00000,0x00007f24e1d04000] with protection modes 0
Event: 0,499 Thread 0x00007f24b0106b20 Thread added: 0x00007f24b0106b20
Event: 0,502 Protecting memory [0x00007f24e1afe000,0x00007f24e1b02000] with protection modes 0
Event: 6,376 Thread 0x00007f24b0106b20 Thread exited: 0x00007f24b0106b20
Event: 9,136 Thread 0x00007f24c00091b0 Thread added: 0x00007f24c00091b0
Event: 9,136 Protecting memory [0x00007f24e1afe000,0x00007f24e1b02000] with protection modes 0
Event: 9,139 Thread 0x00007f24a0002df0 Thread added: 0x00007f24a0002df0
Event: 9,140 Protecting memory [0x00007f24e16f8000,0x00007f24e16fc000] with protection modes 0


Dynamic libraries:
765a00000-76f600000 rw-p 00000000 00:00 0 
76f600000-7ffc00000 ---p 00000000 00:00 0 
7ffc00000-7ffd00000 rw-p 00000000 00:00 0 
7ffd00000-7ffd7a000 rw-p 00d56000 08:03 57675718                         /usr/lib/jvm/java-21-openjdk-amd64/lib/server/classes.jsa
7ffd7a000-7ffe00000 rw-p 00000000 00:00 0 
7ffe00000-7ffe83000 rw-p 00cd3000 08:03 57675718                         /usr/lib/jvm/java-21-openjdk-amd64/lib/server/classes.jsa
7ffe83000-800000000 rw-p 00000000 00:00 0 
800000000-80048e000 rw-p 00001000 08:03 57675718                         /usr/lib/jvm/java-21-openjdk-amd64/lib/server/classes.jsa
80048e000-800c95000 r--p 0048f000 08:03 57675718                         /usr/lib/jvm/java-21-openjdk-amd64/lib/server/classes.jsa
800c95000-801000000 ---p 00000000 00:00 0 
801000000-801030000 rw-p 00000000 00:00 0 
801030000-801070000 rw-p 00000000 00:00 0 
801070000-801080000 ---p 00000000 00:00 0 
801080000-801150000 rw-p 00000000 00:00 0 
801150000-841000000 ---p 00000000 00:00 0 
55cb0ced8000-55cb0ced9000 r--p 00000000 08:03 57674170                   /usr/lib/jvm/java-21-openjdk-amd64/bin/java
55cb0ced9000-55cb0ceda000 r-xp 00001000 08:03 57674170                   /usr/lib/jvm/java-21-openjdk-amd64/bin/java
55cb0ceda000-55cb0cedb000 r--p 00002000 08:03 57674170                   /usr/lib/jvm/java-21-openjdk-amd64/bin/java
55cb0cedb000-55cb0cedc000 r--p 00002000 08:03 57674170                   /usr/lib/jvm/java-21-openjdk-amd64/bin/java
55cb0cedc000-55cb0cedd000 rw-p 00003000 08:03 57674170                   /usr/lib/jvm/java-21-openjdk-amd64/bin/java
55cb0dc50000-55cb0dc97000 rw-p 00000000 00:00 0                          [heap]
7f2490000000-7f2490021000 rw-p 00000000 00:00 0 
7f2490021000-7f2494000000 ---p 00000000 00:00 0 
7f2498000000-7f2498021000 rw-p 00000000 00:00 0 
7f2498021000-7f249c000000 ---p 00000000 00:00 0 
7f249c000000-7f249c021000 rw-p 00000000 00:00 0 
7f249c021000-7f24a0000000 ---p 00000000 00:00 0 
7f24a0000000-7f24a0c8d000 rw-p 00000000 00:00 0 
7f24a0c8d000-7f24a4000000 ---p 00000000 00:00 0 
7f24a4000000-7f24a4021000 rw-p 00000000 00:00 0 
7f24a4021000-7f24a8000000 ---p 00000000 00:00 0 
7f24a8000000-7f24a8021000 rw-p 00000000 00:00 0 
7f24a8021000-7f24ac000000 ---p 00000000 00:00 0 
7f24ac000000-7f24ac021000 rw-p 00000000 00:00 0 
7f24ac021000-7f24b0000000 ---p 00000000 00:00 0 
7f24b0000000-7f24b079a000 rw-p 00000000 00:00 0 
7f24b079a000-7f24b4000000 ---p 00000000 00:00 0 
7f24b4000000-7f24b4021000 rw-p 00000000 00:00 0 
7f24b4021000-7f24b8000000 ---p 00000000 00:00 0 
7f24b8000000-7f24b8021000 rw-p 00000000 00:00 0 
7f24b8021000-7f24bc000000 ---p 00000000 00:00 0 
7f24bc000000-7f24bcab1000 rw-p 00000000 00:00 0 
7f24bcab1000-7f24c0000000 ---p 00000000 00:00 0 
7f24c0000000-7f24c0021000 rw-p 00000000 00:00 0 
7f24c0021000-7f24c4000000 ---p 00000000 00:00 0 
7f24c4000000-7f24c4021000 rw-p 00000000 00:00 0 
7f24c4021000-7f24c8000000 ---p 00000000 00:00 0 
7f24c8000000-7f24c8021000 rw-p 00000000 00:00 0 
7f24c8021000-7f24cc000000 ---p 00000000 00:00 0 
7f24cc000000-7f24cc021000 rw-p 00000000 00:00 0 
7f24cc021000-7f24d0000000 ---p 00000000 00:00 0 
7f24d0000000-7f24d0021000 rw-p 00000000 00:00 0 
7f24d0021000-7f24d4000000 ---p 00000000 00:00 0 
7f24d4000000-7f24d4021000 rw-p 00000000 00:00 0 
7f24d4021000-7f24d8000000 ---p 00000000 00:00 0 
7f24d8000000-7f24d8210000 rw-p 00000000 00:00 0 
7f24d8210000-7f24d8400000 ---p 00000000 00:00 0 
7f24d8400000-7f24d8ac0000 rw-p 00000000 00:00 0 
7f24d8ac0000-7f24dc000000 ---p 00000000 00:00 0 
7f24dc000000-7f24dc021000 rw-p 00000000 00:00 0 
7f24dc021000-7f24e0000000 ---p 00000000 00:00 0 
7f24e16f8000-7f24e16fc000 ---p 00000000 00:00 0 
7f24e16fc000-7f24e17f8000 rw-p 00000000 00:00 0 
7f24e17f8000-7f24e17f9000 ---p 00000000 00:00 0 
7f24e17f9000-7f24e18fa000 rw-p 00000000 00:00 0 
7f24e18fa000-7f24e18fb000 ---p 00000000 00:00 0 
7f24e18fb000-7f24e19fc000 rw-p 00000000 00:00 0 
7f24e19fc000-7f24e19fd000 ---p 00000000 00:00 0 
7f24e19fd000-7f24e1afe000 rw-p 00000000 00:00 0 
7f24e1afe000-7f24e1b02000 ---p 00000000 00:00 0 
7f24e1b02000-7f24e1bfe000 rw-p 00000000 00:00 0 
7f24e1bfe000-7f24e1bff000 ---p 00000000 00:00 0 
7f24e1bff000-7f24e1d00000 rw-p 00000000 00:00 0 
7f24e1d00000-7f24e1d04000 ---p 00000000 00:00 0 
7f24e1d04000-7f24e1e00000 rw-p 00000000 00:00 0 
7f24e1e00000-7f24e1e04000 ---p 00000000 00:00 0 
7f24e1e04000-7f24e1f00000 rw-p 00000000 00:00 0 
7f24e1f00000-7f24e1f04000 ---p 00000000 00:00 0 
7f24e1f04000-7f24e4021000 rw-p 00000000 00:00 0 
7f24e4021000-7f24e8000000 ---p 00000000 00:00 0 
7f24e8000000-7f24e8021000 rw-p 00000000 00:00 0 
7f24e8021000-7f24ec000000 ---p 00000000 00:00 0 
7f24ec000000-7f24ec021000 rw-p 00000000 00:00 0 
7f24ec021000-7f24f0000000 ---p 00000000 00:00 0 
7f24f0000000-7f24f0004000 ---p 00000000 00:00 0 
7f24f0004000-7f24f0100000 rw-p 00000000 00:00 0 
7f24f0100000-7f24f0104000 ---p 00000000 00:00 0 
7f24f0104000-7f24f0200000 rw-p 00000000 00:00 0 
7f24f0200000-7f24f0204000 ---p 00000000 00:00 0 
7f24f0204000-7f24f0300000 rw-p 00000000 00:00 0 
7f24f0300000-7f24f0304000 ---p 00000000 00:00 0 
7f24f0304000-7f24f0400000 rw-p 00000000 00:00 0 
7f24f0400000-7f24f0404000 ---p 00000000 00:00 0 
7f24f0404000-7f24f0500000 rw-p 00000000 00:00 0 
7f24f0500000-7f24f0504000 ---p 00000000 00:00 0 
7f24f0504000-7f24f0600000 rw-p 00000000 00:00 0 
7f24f0600000-7f24f0e02000 r--p 00000000 08:03 57673299                   /usr/lib/locale/locale-archive
7f24f0e64000-7f24f0e65000 ---p 00000000 00:00 0 
7f24f0e65000-7f24f0f66000 rw-p 00000000 00:00 0 
7f24f0f66000-7f24f0f6b000 r--p 00000000 08:03 57675620                   /usr/lib/jvm/java-21-openjdk-amd64/lib/libjsvml.so
7f24f0f6b000-7f24f0fac000 r-xp 00005000 08:03 57675620                   /usr/lib/jvm/java-21-openjdk-amd64/lib/libjsvml.so
7f24f0fac000-7f24f1035000 r--p 00046000 08:03 57675620                   /usr/lib/jvm/java-21-openjdk-amd64/lib/libjsvml.so
7f24f1035000-7f24f1036000 r--p 000ce000 08:03 57675620                   /usr/lib/jvm/java-21-openjdk-amd64/lib/libjsvml.so
7f24f1036000-7f24f1037000 rw-p 000cf000 08:03 57675620                   /usr/lib/jvm/java-21-openjdk-amd64/lib/libjsvml.so
7f24f1037000-7f24f10b8000 rw-p 00000000 00:00 0 
7f24f10b8000-7f24f10b9000 ---p 00000000 00:00 0 
7f24f10b9000-7f24f11ba000 rw-p 00000000 00:00 0 
7f24f11ba000-7f24f11bb000 ---p 00000000 00:00 0 
7f24f11bb000-7f24f16c0000 rw-p 00000000 00:00 0 
7f24f16c0000-7f24f16c1000 ---p 00000000 00:00 0 
7f24f16c1000-7f24f1a32000 rw-p 00000000 00:00 0 
7f24f1a32000-7f24f3e4a000 ---p 00000000 00:00 0 
7f24f3e4a000-7f24f3ea8000 rw-p 00000000 00:00 0 
7f24f3ea8000-7f24f432b000 ---p 00000000 00:00 0 
7f24f432b000-7f24f437b000 rw-p 00000000 00:00 0 
7f24f437b000-7f24f47fe000 ---p 00000000 00:00 0 
7f24f47fe000-7f24f4800000 rw-p 00000000 00:00 0 
7f24f4800000-7f24f4a80000 rwxp 00000000 00:00 0 
7f24f4a80000-7f24fbd37000 ---p 00000000 00:00 0 
7f24fbd37000-7f24fbfa7000 rwxp 00000000 00:00 0 
7f24fbfa7000-7f24fc2c8000 ---p 00000000 00:00 0 
7f24fc2c8000-7f24fc538000 rwxp 00000000 00:00 0 
7f24fc538000-7f2503800000 ---p 00000000 00:00 0 
7f2503800000-7f250bf71000 r--s 00000000 08:03 57675715                   /usr/lib/jvm/java-21-openjdk-amd64/lib/modules
7f250bfa5000-7f250c725000 rw-p 00000000 00:00 0 
7f250c725000-7f2510000000 ---p 00000000 00:00 0 
7f2510022000-7f2510023000 ---p 00000000 00:00 0 
7f2510023000-7f2510124000 rw-p 00000000 00:00 0 
7f2510124000-7f2510125000 ---p 00000000 00:00 0 
7f2510125000-7f251062f000 rw-p 00000000 00:00 0 
7f251062f000-7f2510715000 ---p 00000000 00:00 0 
7f2510715000-7f251071a000 rw-p 00000000 00:00 0 
7f251071a000-7f2510800000 ---p 00000000 00:00 0 
7f2510800000-7f251089c000 r--p 00000000 08:03 57673666                   /usr/lib/x86_64-linux-gnu/libstdc++.so.6.0.32
7f251089c000-7f25109cd000 r-xp 0009c000 08:03 57673666                   /usr/lib/x86_64-linux-gnu/libstdc++.so.6.0.32
7f25109cd000-7f2510a5a000 r--p 001cd000 08:03 57673666                   /usr/lib/x86_64-linux-gnu/libstdc++.so.6.0.32
7f2510a5a000-7f2510a65000 r--p 0025a000 08:03 57673666                   /usr/lib/x86_64-linux-gnu/libstdc++.so.6.0.32
7f2510a65000-7f2510a68000 rw-p 00265000 08:03 57673666                   /usr/lib/x86_64-linux-gnu/libstdc++.so.6.0.32
7f2510a68000-7f2510a6c000 rw-p 00000000 00:00 0 
7f2510abf000-7f2510b00000 rw-p 00000000 00:00 0 
7f2510b00000-7f2510b04000 ---p 00000000 00:00 0 
7f2510b04000-7f2510c00000 rw-p 00000000 00:00 0 
7f2510c00000-7f2510e8c000 r--p 00000000 08:03 57675722                   /usr/lib/jvm/java-21-openjdk-amd64/lib/server/libjvm.so
7f2510e8c000-7f2511c53000 r-xp 0028c000 08:03 57675722                   /usr/lib/jvm/java-21-openjdk-amd64/lib/server/libjvm.so
7f2511c53000-7f2511efb000 r--p 01053000 08:03 57675722                   /usr/lib/jvm/java-21-openjdk-amd64/lib/server/libjvm.so
7f2511efb000-7f2511fc7000 r--p 012fb000 08:03 57675722                   /usr/lib/jvm/java-21-openjdk-amd64/lib/server/libjvm.so
7f2511fc7000-7f2511ffd000 rw-p 013c7000 08:03 57675722                   /usr/lib/jvm/java-21-openjdk-amd64/lib/server/libjvm.so
7f2511ffd000-7f251205d000 rw-p 00000000 00:00 0 
7f25120a0000-7f25120a3000 r--p 00000000 08:03 57675657                   /usr/lib/jvm/java-21-openjdk-amd64/lib/libnet.so
7f25120a3000-7f25120aa000 r-xp 00003000 08:03 57675657                   /usr/lib/jvm/java-21-openjdk-amd64/lib/libnet.so
7f25120aa000-7f25120ac000 r--p 0000a000 08:03 57675657                   /usr/lib/jvm/java-21-openjdk-amd64/lib/libnet.so
7f25120ac000-7f25120ad000 r--p 0000b000 08:03 57675657                   /usr/lib/jvm/java-21-openjdk-amd64/lib/libnet.so
7f25120ad000-7f25120ae000 rw-p 0000c000 08:03 57675657                   /usr/lib/jvm/java-21-openjdk-amd64/lib/libnet.so
7f25120ae000-7f25120b5000 r--p 00000000 08:03 57675658                   /usr/lib/jvm/java-21-openjdk-amd64/lib/libnio.so
7f25120b5000-7f25120be000 r-xp 00007000 08:03 57675658                   /usr/lib/jvm/java-21-openjdk-amd64/lib/libnio.so
7f25120be000-7f25120c2000 r--p 00010000 08:03 57675658                   /usr/lib/jvm/java-21-openjdk-amd64/lib/libnio.so
7f25120c2000-7f25120c3000 r--p 00014000 08:03 57675658                   /usr/lib/jvm/java-21-openjdk-amd64/lib/libnio.so
7f25120c3000-7f25120c4000 rw-p 00015000 08:03 57675658                   /usr/lib/jvm/java-21-openjdk-amd64/lib/libnio.so
7f25120c4000-7f25120ee000 rw-p 00000000 00:00 0 
7f25120ee000-7f25120fb000 r--p 00000000 08:03 57675613                   /usr/lib/jvm/java-21-openjdk-amd64/lib/libjava.so
7f25120fb000-7f251210e000 r-xp 0000d000 08:03 57675613                   /usr/lib/jvm/java-21-openjdk-amd64/lib/libjava.so
7f251210e000-7f2512114000 r--p 00020000 08:03 57675613                   /usr/lib/jvm/java-21-openjdk-amd64/lib/libjava.so
7f2512114000-7f2512115000 r--p 00026000 08:03 57675613                   /usr/lib/jvm/java-21-openjdk-amd64/lib/libjava.so
7f2512115000-7f2512116000 rw-p 00027000 08:03 57675613                   /usr/lib/jvm/java-21-openjdk-amd64/lib/libjava.so
7f2512116000-7f2512117000 rw-p 00000000 00:00 0 
7f2512117000-7f2512125000 r--p 00000000 08:03 57682536                   /usr/lib/x86_64-linux-gnu/libm.so.6
7f2512125000-7f25121a3000 r-xp 0000e000 08:03 57682536                   /usr/lib/x86_64-linux-gnu/libm.so.6
7f25121a3000-7f25121fe000 r--p 0008c000 08:03 57682536                   /usr/lib/x86_64-linux-gnu/libm.so.6
7f25121fe000-7f25121ff000 r--p 000e6000 08:03 57682536                   /usr/lib/x86_64-linux-gnu/libm.so.6
7f25121ff000-7f2512200000 rw-p 000e7000 08:03 57682536                   /usr/lib/x86_64-linux-gnu/libm.so.6
7f2512200000-7f2512222000 r--p 00000000 08:03 57682533                   /usr/lib/x86_64-linux-gnu/libc.so.6
7f2512222000-7f251239a000 r-xp 00022000 08:03 57682533                   /usr/lib/x86_64-linux-gnu/libc.so.6
7f251239a000-7f25123f2000 r--p 0019a000 08:03 57682533                   /usr/lib/x86_64-linux-gnu/libc.so.6
7f25123f2000-7f25123f6000 r--p 001f1000 08:03 57682533                   /usr/lib/x86_64-linux-gnu/libc.so.6
7f25123f6000-7f25123f8000 rw-p 001f5000 08:03 57682533                   /usr/lib/x86_64-linux-gnu/libc.so.6
7f25123f8000-7f2512405000 rw-p 00000000 00:00 0 
7f251240a000-7f2512411000 r--s 00000000 08:03 58332826                   /usr/lib/x86_64-linux-gnu/gconv/gconv-modules.cache
7f2512411000-7f2512416000 rw-p 00000000 00:00 0 
7f2512416000-7f251241d000 ---p 00000000 00:00 0 
7f251241d000-7f2512420000 r--p 00000000 08:03 57673658                   /usr/lib/x86_64-linux-gnu/libgcc_s.so.1
7f2512420000-7f251243b000 r-xp 00003000 08:03 57673658                   /usr/lib/x86_64-linux-gnu/libgcc_s.so.1
7f251243b000-7f251243f000 r--p 0001e000 08:03 57673658                   /usr/lib/x86_64-linux-gnu/libgcc_s.so.1
7f251243f000-7f2512440000 r--p 00021000 08:03 57673658                   /usr/lib/x86_64-linux-gnu/libgcc_s.so.1
7f2512440000-7f2512441000 rw-p 00022000 08:03 57673658                   /usr/lib/x86_64-linux-gnu/libgcc_s.so.1
7f2512441000-7f2512444000 rw-p 00000000 00:00 0 
7f2512444000-7f2512447000 r--p 00000000 08:03 57673858                   /usr/lib/x86_64-linux-gnu/libz.so.1.2.13
7f2512447000-7f2512459000 r-xp 00003000 08:03 57673858                   /usr/lib/x86_64-linux-gnu/libz.so.1.2.13
7f2512459000-7f2512460000 r--p 00015000 08:03 57673858                   /usr/lib/x86_64-linux-gnu/libz.so.1.2.13
7f2512460000-7f2512461000 r--p 0001b000 08:03 57673858                   /usr/lib/x86_64-linux-gnu/libz.so.1.2.13
7f2512461000-7f2512462000 rw-p 0001c000 08:03 57673858                   /usr/lib/x86_64-linux-gnu/libz.so.1.2.13
7f2512463000-7f251246b000 rw-s 00000000 08:03 26870318                   /tmp/hsperfdata_agustin/73534
7f251246b000-7f251246c000 ---p 00000000 00:00 0 
7f251246c000-7f251246d000 r--p 00000000 00:00 0 
7f251246d000-7f251246e000 ---p 00000000 00:00 0 
7f251246e000-7f2512470000 r--p 00000000 08:03 57675616                   /usr/lib/jvm/java-21-openjdk-amd64/lib/libjimage.so
7f2512470000-7f2512473000 r-xp 00002000 08:03 57675616                   /usr/lib/jvm/java-21-openjdk-amd64/lib/libjimage.so
7f2512473000-7f2512474000 r--p 00005000 08:03 57675616                   /usr/lib/jvm/java-21-openjdk-amd64/lib/libjimage.so
7f2512474000-7f2512475000 r--p 00006000 08:03 57675616                   /usr/lib/jvm/java-21-openjdk-amd64/lib/libjimage.so
7f2512475000-7f2512476000 rw-p 00007000 08:03 57675616                   /usr/lib/jvm/java-21-openjdk-amd64/lib/libjimage.so
7f2512476000-7f2512478000 r--p 00000000 08:03 57675617                   /usr/lib/jvm/java-21-openjdk-amd64/lib/libjli.so
7f2512478000-7f2512482000 r-xp 00002000 08:03 57675617                   /usr/lib/jvm/java-21-openjdk-amd64/lib/libjli.so
7f2512482000-7f2512485000 r--p 0000c000 08:03 57675617                   /usr/lib/jvm/java-21-openjdk-amd64/lib/libjli.so
7f2512485000-7f2512486000 r--p 0000e000 08:03 57675617                   /usr/lib/jvm/java-21-openjdk-amd64/lib/libjli.so
7f2512486000-7f2512487000 rw-p 0000f000 08:03 57675617                   /usr/lib/jvm/java-21-openjdk-amd64/lib/libjli.so
7f2512487000-7f2512489000 rw-p 00000000 00:00 0 
7f2512489000-7f251248a000 r--p 00000000 08:03 57682529                   /usr/lib/x86_64-linux-gnu/ld-linux-x86-64.so.2
7f251248a000-7f25124b2000 r-xp 00001000 08:03 57682529                   /usr/lib/x86_64-linux-gnu/ld-linux-x86-64.so.2
7f25124b2000-7f25124bc000 r--p 00029000 08:03 57682529                   /usr/lib/x86_64-linux-gnu/ld-linux-x86-64.so.2
7f25124bc000-7f25124be000 r--p 00033000 08:03 57682529                   /usr/lib/x86_64-linux-gnu/ld-linux-x86-64.so.2
7f25124be000-7f25124c0000 rw-p 00035000 08:03 57682529                   /usr/lib/x86_64-linux-gnu/ld-linux-x86-64.so.2
7ffd383bf000-7ffd383e0000 rw-p 00000000 00:00 0                          [stack]
7ffd383e6000-7ffd383ea000 r--p 00000000 00:00 0                          [vvar]
7ffd383ea000-7ffd383ec000 r-xp 00000000 00:00 0                          [vdso]
ffffffffff600000-ffffffffff601000 --xp 00000000 00:00 0                  [vsyscall]


VM Arguments:
jvm_args: --add-modules=ALL-DEFAULT 
java_command: jdk.compiler/com.sun.tools.javac.launcher.Main Eje5a.java 2
java_class_path (initial): .
Launcher Type: SUN_STANDARD

[Global flags]
     intx CICompilerCount                          = 3                                         {product} {ergonomic}
     uint ConcGCThreads                            = 1                                         {product} {ergonomic}
     uint G1ConcRefinementThreads                  = 4                                         {product} {ergonomic}
   size_t G1HeapRegionSize                         = 2097152                                   {product} {ergonomic}
    uintx GCDrainStackTargetSize                   = 64                                        {product} {ergonomic}
   size_t InitialHeapSize                          = 163577856                                 {product} {ergonomic}
   size_t MarkStackSize                            = 4194304                                   {product} {ergonomic}
   size_t MaxHeapSize                              = 2589982720                                {product} {ergonomic}
   size_t MaxNewSize                               = 1553989632                                {product} {ergonomic}
   size_t MinHeapDeltaBytes                        = 2097152                                   {product} {ergonomic}
   size_t MinHeapSize                              = 8388608                                   {product} {ergonomic}
    uintx NonNMethodCodeHeapSize                   = 5832780                                {pd product} {ergonomic}
    uintx NonProfiledCodeHeapSize                  = 122912730                              {pd product} {ergonomic}
    uintx ProfiledCodeHeapSize                     = 122912730                              {pd product} {ergonomic}
    uintx ReservedCodeCacheSize                    = 251658240                              {pd product} {ergonomic}
     bool SegmentedCodeCache                       = true                                      {product} {ergonomic}
   size_t SoftMaxHeapSize                          = 2589982720                             {manageable} {ergonomic}
     bool UseCompressedClassPointers               = true                           {product lp64_product} {ergonomic}
     bool UseCompressedOops                        = true                           {product lp64_product} {ergonomic}
     bool UseG1GC                                  = true                                      {product} {ergonomic}

Logging:
Log output configuration:
 #0: stdout all=warning uptime,level,tags foldmultilines=false
 #1: stderr all=off uptime,level,tags foldmultilines=false

Environment Variables:
PATH=/usr/local/sbin:/usr/local/bin:/usr/sbin:/usr/bin:/sbin:/bin:/usr/games:/usr/local/games:/snap/bin:/snap/bin
USERNAME=agustin
SHELL=/bin/bash
DISPLAY=:0
LANG=es_ES.UTF-8
LC_NUMERIC=es_AR.UTF-8
LC_TIME=es_AR.UTF-8
TERM=xterm-256color

Active Locale:
LC_ALL=LC_CTYPE=es_ES.UTF-8;LC_NUMERIC=es_AR.UTF-8;LC_TIME=es_AR.UTF-8;LC_COLLATE=es_ES.UTF-8;LC_MONETARY=es_AR.UTF-8;LC_MESSAGES=es_ES.UTF-8;LC_PAPER=es_AR.UTF-8;LC_NAME=es_AR.UTF-8;LC_ADDRESS=es_AR.UTF-8;LC_TELEPHONE=es_AR.UTF-8;LC_MEASUREMENT=es_AR.UTF-8;LC_IDENTIFICATION=es_AR.UTF-8
LC_COLLATE=es_ES.UTF-8
LC_CTYPE=es_ES.UTF-8
LC_MESSAGES=es_ES.UTF-8
LC_MONETARY=es_AR.UTF-8
LC_NUMERIC=es_AR.UTF-8
LC_TIME=es_AR.UTF-8

Signal Handlers:
   SIGSEGV: 0x00007f2511bd4af0 in libjvm.so+16599792, mask=11100100010111111101111111111110, flags=SA_RESTART|SA_SIGINFO, unblocked
    SIGBUS: 0x00007f2511bd4af0 in libjvm.so+16599792, mask=11100100010111111101111111111110, flags=SA_RESTART|SA_SIGINFO, unblocked
    SIGFPE: 0x00007f2511bd4af0 in libjvm.so+16599792, mask=11100100010111111101111111111110, flags=SA_RESTART|SA_SIGINFO, unblocked
   SIGPIPE: 0x00007f2511a3fb50 in libjvm.so+14941008, mask=11100100010111111101111111111110, flags=SA_RESTART|SA_SIGINFO, blocked
   SIGXFSZ: 0x00007f2511a3fb50 in libjvm.so+14941008, mask=11100100010111111101111111111110, flags=SA_RESTART|SA_SIGINFO, blocked
    SIGILL: 0x00007f2511bd4af0 in libjvm.so+16599792, mask=11100100010111111101111111111110, flags=SA_RESTART|SA_SIGINFO, unblocked
   SIGUSR2: 0x00007f2511a41250 in libjvm.so+14946896, mask=00000000000000000000000000000000, flags=SA_RESTART|SA_SIGINFO, blocked
    SIGHUP: 0x00007f2511a3f0b0 in libjvm.so+14938288, mask=11100100010111111101111111111110, flags=SA_RESTART|SA_SIGINFO, blocked
    SIGINT: 0x00007f2511a3f0b0 in libjvm.so+14938288, mask=11100100010111111101111111111110, flags=SA_RESTART|SA_SIGINFO, blocked
   SIGTERM: 0x00007f2511a3f0b0 in libjvm.so+14938288, mask=11100100010111111101111111111110, flags=SA_RESTART|SA_SIGINFO, blocked
   SIGQUIT: 0x00007f2511a3f0b0 in libjvm.so+14938288, mask=11100100010111111101111111111110, flags=SA_RESTART|SA_SIGINFO, blocked
   SIGTRAP: 0x00007f2511bd4af0 in libjvm.so+16599792, mask=11100100010111111101111111111110, flags=SA_RESTART|SA_SIGINFO, unblocked


---------------  S Y S T E M  ---------------

OS:
DISTRIB_ID=Ubuntu
DISTRIB_RELEASE=23.04
DISTRIB_CODENAME=lunar
DISTRIB_DESCRIPTION="Ubuntu 23.04"
uname: Linux 6.2.0-32-generic #32-Ubuntu SMP PREEMPT_DYNAMIC Mon Aug 14 10:03:50 UTC 2023 x86_64
OS uptime: 0 days 3:26 hours
libc: glibc 2.37 NPTL 2.37 
rlimit (soft/hard): STACK 8192k/infinity , CORE 0k/infinity , NPROC 39178/39178 , NOFILE 1048576/1048576 , AS infinity/infinity , CPU infinity/infinity , DATA infinity/infinity , FSIZE infinity/infinity , MEMLOCK 1263664k/1263664k
load average: 1,63 1,83 2,09

/proc/meminfo:
MemTotal:       10109316 kB
MemFree:         1308176 kB
MemAvailable:    3082496 kB
Buffers:          123452 kB
Cached:          1912108 kB
SwapCached:          796 kB
Active:          1327520 kB
Inactive:        6435556 kB
Active(anon):      36728 kB
Inactive(anon):  5793656 kB
Active(file):    1290792 kB
Inactive(file):   641900 kB
Unevictable:         216 kB
Mlocked:             216 kB
SwapTotal:       2097148 kB
SwapFree:        2068072 kB
Zswap:                 0 kB
Zswapped:              0 kB
Dirty:               412 kB
Writeback:             0 kB
AnonPages:       5727016 kB
Mapped:           980444 kB
Shmem:            102864 kB
KReclaimable:     142608 kB
Slab:             321008 kB
SReclaimable:     142608 kB
SUnreclaim:       178400 kB
KernelStack:       34672 kB
PageTables:        66032 kB
SecPageTables:         0 kB
NFS_Unstable:          0 kB
Bounce:                0 kB
WritebackTmp:          0 kB
CommitLimit:     7151804 kB
Committed_AS:   19312972 kB
VmallocTotal:   34359738367 kB
VmallocUsed:      300448 kB
VmallocChunk:          0 kB
Percpu:            19008 kB
HardwareCorrupted:     0 kB
AnonHugePages:         0 kB
ShmemHugePages:        0 kB
ShmemPmdMapped:        0 kB
FileHugePages:         0 kB
FilePmdMapped:         0 kB
HugePages_Total:       0
HugePages_Free:        0
HugePages_Rsvd:        0
HugePages_Surp:        0
Hugepagesize:       2048 kB
Hugetlb:               0 kB
DirectMap4k:      633876 kB
DirectMap2M:     9789440 kB
DirectMap1G:     1048576 kB

/sys/kernel/mm/transparent_hugepage/enabled: always [madvise] never
/sys/kernel/mm/transparent_hugepage/defrag (defrag/compaction efforts parameter): always defer defer+madvise [madvise] never

Process Memory:
Virtual Size: 5639068K (peak: 5704576K)
Resident Set Size: 110204K (peak: 120056K) (anon: 70012K, file: 40192K, shmem: 0K)
Swapped out: 0K
C-Heap outstanding allocations: 15506K, retained: 26261K
glibc malloc tunables: (default)

/proc/sys/kernel/threads-max (system-wide limit on the number of threads): 78357
/proc/sys/vm/max_map_count (maximum number of memory map areas a process may have): 65530
/proc/sys/kernel/pid_max (system-wide limit on number of process identifiers): 4194304

container (cgroup) information:
container_type: cgroupv2
cpu_cpuset_cpus: not supported
cpu_memory_nodes: not supported
active_processor_count: 4
cpu_quota: not supported
cpu_period: not supported
cpu_shares: not supported
memory_limit_in_bytes: unlimited
memory_and_swap_limit_in_bytes: unlimited
memory_soft_limit_in_bytes: unlimited
memory_usage_in_bytes: 72156 k
memory_max_usage_in_bytes: not supported
memory_swap_current_in_bytes: unlimited
memory_swap_max_limit_in_bytes: unlimited
maximum number of tasks: 11753
current number of tasks: 24

Steal ticks since vm start: 0
Steal ticks percentage since vm start:  0,000

CPU: total 16 (initial active 4) (4 cores per cpu, 2 threads per core) family 23 model 24 stepping 1 microcode 0x8108109, cx8, cmov, fxsr, ht, mmx, 3dnowpref, sse, sse2, sse3, ssse3, sse4a, sse4.1, sse4.2, popcnt, lzcnt, tsc, tscinvbit, avx, avx2, aes, clmul, bmi1, bmi2, adx, sha, fma, vzeroupper, clflush, clflushopt, rdtscp, f16c
CPU Model and flags from /proc/cpuinfo:
model name	: AMD Ryzen 3 3200U with Radeon Vega Mobile Gfx
flags		: fpu vme de pse tsc msr pae mce cx8 apic sep mtrr pge mca cmov pat pse36 clflush mmx fxsr sse sse2 ht syscall nx mmxext fxsr_opt pdpe1gb rdtscp lm constant_tsc rep_good nopl nonstop_tsc cpuid extd_apicid aperfmperf rapl pni pclmulqdq monitor ssse3 fma cx16 sse4_1 sse4_2 movbe popcnt aes xsave avx f16c rdrand lahf_lm cmp_legacy svm extapic cr8_legacy abm sse4a misalignsse 3dnowprefetch osvw skinit wdt tce topoext perfctr_core perfctr_nb bpext perfctr_llc mwaitx cpb hw_pstate ssbd ibpb vmmcall fsgsbase bmi1 avx2 smep bmi2 rdseed adx smap clflushopt sha_ni xsaveopt xsavec xgetbv1 clzero irperf xsaveerptr arat npt lbrv svm_lock nrip_save tsc_scale vmcb_clean flushbyasid decodeassists pausefilter pfthreshold avic v_vmsave_vmload vgif overflow_recov succor smca sev sev_es

Online cpus: 0-3
Offline cpus: 4-15
BIOS frequency limitation: 2600000
Frequency switch latency (ns): 0
Available cpu frequencies: 2600000 1700000 1400000 
Current governor: schedutil
Core performance/turbo boost: 1

Memory: 4k page, physical 10109316k(1308176k free), swap 2097148k(2068072k free)
Page Sizes: 4k

vm_info: OpenJDK 64-Bit Server VM (21-ea+14-Ubuntu-0ubuntu1) for linux-amd64 JRE (21-ea+14-Ubuntu-0ubuntu1), built on 2023-03-17T00:31:13Z by "buildd" with gcc 12.2.0

END.
